[2024-03-20T14:01:07.974+0000] {processor.py:161} INFO - Started process (PID=135) to work on /home/airflow/.local/lib/python3.8/site-packages/airflow/example_dags/example_time_delta_sensor_async.py
[2024-03-20T14:01:07.982+0000] {processor.py:830} INFO - Processing file /home/airflow/.local/lib/python3.8/site-packages/airflow/example_dags/example_time_delta_sensor_async.py for tasks to queue
[2024-03-20T14:01:08.005+0000] {logging_mixin.py:188} INFO - [2024-03-20T14:01:08.004+0000] {dagbag.py:540} INFO - Filling up the DagBag from /home/airflow/.local/lib/python3.8/site-packages/airflow/example_dags/example_time_delta_sensor_async.py
[2024-03-20T14:01:08.095+0000] {processor.py:840} INFO - DAG(s) 'example_time_delta_sensor_async' retrieved from /home/airflow/.local/lib/python3.8/site-packages/airflow/example_dags/example_time_delta_sensor_async.py
[2024-03-20T14:01:09.579+0000] {logging_mixin.py:188} INFO - [2024-03-20T14:01:09.578+0000] {dag.py:3047} INFO - Sync 1 DAGs
[2024-03-20T14:01:09.724+0000] {logging_mixin.py:188} INFO - [2024-03-20T14:01:09.723+0000] {dag.py:3834} INFO - Setting next_dagrun for example_time_delta_sensor_async to None, run_after=None
[2024-03-20T14:01:09.861+0000] {processor.py:183} INFO - Processing /home/airflow/.local/lib/python3.8/site-packages/airflow/example_dags/example_time_delta_sensor_async.py took 1.899 seconds
[2024-03-20T14:01:52.612+0000] {processor.py:161} INFO - Started process (PID=193) to work on /home/airflow/.local/lib/python3.8/site-packages/airflow/example_dags/example_time_delta_sensor_async.py
[2024-03-20T14:01:52.634+0000] {processor.py:830} INFO - Processing file /home/airflow/.local/lib/python3.8/site-packages/airflow/example_dags/example_time_delta_sensor_async.py for tasks to queue
[2024-03-20T14:01:52.665+0000] {logging_mixin.py:188} INFO - [2024-03-20T14:01:52.664+0000] {dagbag.py:540} INFO - Filling up the DagBag from /home/airflow/.local/lib/python3.8/site-packages/airflow/example_dags/example_time_delta_sensor_async.py
[2024-03-20T14:01:52.762+0000] {processor.py:840} INFO - DAG(s) 'example_time_delta_sensor_async' retrieved from /home/airflow/.local/lib/python3.8/site-packages/airflow/example_dags/example_time_delta_sensor_async.py
[2024-03-20T14:01:53.228+0000] {logging_mixin.py:188} INFO - [2024-03-20T14:01:53.227+0000] {dag.py:3047} INFO - Sync 1 DAGs
[2024-03-20T14:01:53.478+0000] {logging_mixin.py:188} INFO - [2024-03-20T14:01:53.470+0000] {dag.py:3834} INFO - Setting next_dagrun for example_time_delta_sensor_async to None, run_after=None
[2024-03-20T14:01:54.328+0000] {processor.py:183} INFO - Processing /home/airflow/.local/lib/python3.8/site-packages/airflow/example_dags/example_time_delta_sensor_async.py took 1.978 seconds
[2024-03-20T14:03:32.143+0000] {processor.py:161} INFO - Started process (PID=258) to work on /home/airflow/.local/lib/python3.8/site-packages/airflow/example_dags/example_time_delta_sensor_async.py
[2024-03-20T14:03:32.221+0000] {processor.py:830} INFO - Processing file /home/airflow/.local/lib/python3.8/site-packages/airflow/example_dags/example_time_delta_sensor_async.py for tasks to queue
[2024-03-20T14:03:32.369+0000] {logging_mixin.py:188} INFO - [2024-03-20T14:03:32.368+0000] {dagbag.py:540} INFO - Filling up the DagBag from /home/airflow/.local/lib/python3.8/site-packages/airflow/example_dags/example_time_delta_sensor_async.py
[2024-03-20T14:03:32.809+0000] {processor.py:840} INFO - DAG(s) 'example_time_delta_sensor_async' retrieved from /home/airflow/.local/lib/python3.8/site-packages/airflow/example_dags/example_time_delta_sensor_async.py
[2024-03-20T14:03:35.019+0000] {logging_mixin.py:188} INFO - [2024-03-20T14:03:34.985+0000] {dag.py:3047} INFO - Sync 1 DAGs
[2024-03-20T14:03:35.888+0000] {logging_mixin.py:188} INFO - [2024-03-20T14:03:35.836+0000] {dag.py:3834} INFO - Setting next_dagrun for example_time_delta_sensor_async to None, run_after=None
[2024-03-20T14:03:36.539+0000] {processor.py:183} INFO - Processing /home/airflow/.local/lib/python3.8/site-packages/airflow/example_dags/example_time_delta_sensor_async.py took 4.491 seconds
