[2024-03-20T14:00:50.182+0000] {processor.py:161} INFO - Started process (PID=110) to work on /home/airflow/.local/lib/python3.8/site-packages/airflow/example_dags/example_short_circuit_operator.py
[2024-03-20T14:00:50.185+0000] {processor.py:830} INFO - Processing file /home/airflow/.local/lib/python3.8/site-packages/airflow/example_dags/example_short_circuit_operator.py for tasks to queue
[2024-03-20T14:00:50.189+0000] {logging_mixin.py:188} INFO - [2024-03-20T14:00:50.188+0000] {dagbag.py:540} INFO - Filling up the DagBag from /home/airflow/.local/lib/python3.8/site-packages/airflow/example_dags/example_short_circuit_operator.py
[2024-03-20T14:00:50.210+0000] {processor.py:840} INFO - DAG(s) 'example_short_circuit_operator' retrieved from /home/airflow/.local/lib/python3.8/site-packages/airflow/example_dags/example_short_circuit_operator.py
[2024-03-20T14:00:50.649+0000] {logging_mixin.py:188} INFO - [2024-03-20T14:00:50.649+0000] {dag.py:3047} INFO - Sync 1 DAGs
[2024-03-20T14:00:50.718+0000] {logging_mixin.py:188} INFO - [2024-03-20T14:00:50.717+0000] {dag.py:3834} INFO - Setting next_dagrun for example_short_circuit_operator to 2024-03-19 00:00:00+00:00, run_after=2024-03-20 00:00:00+00:00
[2024-03-20T14:00:50.783+0000] {processor.py:183} INFO - Processing /home/airflow/.local/lib/python3.8/site-packages/airflow/example_dags/example_short_circuit_operator.py took 0.608 seconds
[2024-03-20T14:01:35.504+0000] {processor.py:161} INFO - Started process (PID=174) to work on /home/airflow/.local/lib/python3.8/site-packages/airflow/example_dags/example_short_circuit_operator.py
[2024-03-20T14:01:35.506+0000] {processor.py:830} INFO - Processing file /home/airflow/.local/lib/python3.8/site-packages/airflow/example_dags/example_short_circuit_operator.py for tasks to queue
[2024-03-20T14:01:35.513+0000] {logging_mixin.py:188} INFO - [2024-03-20T14:01:35.511+0000] {dagbag.py:540} INFO - Filling up the DagBag from /home/airflow/.local/lib/python3.8/site-packages/airflow/example_dags/example_short_circuit_operator.py
[2024-03-20T14:01:35.533+0000] {processor.py:840} INFO - DAG(s) 'example_short_circuit_operator' retrieved from /home/airflow/.local/lib/python3.8/site-packages/airflow/example_dags/example_short_circuit_operator.py
[2024-03-20T14:01:35.614+0000] {logging_mixin.py:188} INFO - [2024-03-20T14:01:35.614+0000] {dag.py:3047} INFO - Sync 1 DAGs
[2024-03-20T14:01:35.670+0000] {logging_mixin.py:188} INFO - [2024-03-20T14:01:35.669+0000] {dag.py:3834} INFO - Setting next_dagrun for example_short_circuit_operator to 2024-03-19 00:00:00+00:00, run_after=2024-03-20 00:00:00+00:00
[2024-03-20T14:01:35.735+0000] {processor.py:183} INFO - Processing /home/airflow/.local/lib/python3.8/site-packages/airflow/example_dags/example_short_circuit_operator.py took 0.239 seconds
[2024-03-20T14:02:51.803+0000] {processor.py:161} INFO - Started process (PID=235) to work on /home/airflow/.local/lib/python3.8/site-packages/airflow/example_dags/example_short_circuit_operator.py
[2024-03-20T14:02:51.809+0000] {processor.py:830} INFO - Processing file /home/airflow/.local/lib/python3.8/site-packages/airflow/example_dags/example_short_circuit_operator.py for tasks to queue
[2024-03-20T14:02:52.105+0000] {logging_mixin.py:188} INFO - [2024-03-20T14:02:51.980+0000] {dagbag.py:540} INFO - Filling up the DagBag from /home/airflow/.local/lib/python3.8/site-packages/airflow/example_dags/example_short_circuit_operator.py
[2024-03-20T14:02:52.871+0000] {processor.py:840} INFO - DAG(s) 'example_short_circuit_operator' retrieved from /home/airflow/.local/lib/python3.8/site-packages/airflow/example_dags/example_short_circuit_operator.py
[2024-03-20T14:02:54.465+0000] {logging_mixin.py:188} INFO - [2024-03-20T14:02:54.464+0000] {dag.py:3047} INFO - Sync 1 DAGs
[2024-03-20T14:02:54.811+0000] {logging_mixin.py:188} INFO - [2024-03-20T14:02:54.810+0000] {dag.py:3834} INFO - Setting next_dagrun for example_short_circuit_operator to 2024-03-19 00:00:00+00:00, run_after=2024-03-20 00:00:00+00:00
[2024-03-20T14:02:55.429+0000] {processor.py:183} INFO - Processing /home/airflow/.local/lib/python3.8/site-packages/airflow/example_dags/example_short_circuit_operator.py took 3.656 seconds
