[2024-03-20T14:00:44.538+0000] {processor.py:161} INFO - Started process (PID=103) to work on /home/airflow/.local/lib/python3.8/site-packages/airflow/example_dags/example_python_operator.py
[2024-03-20T14:00:44.542+0000] {processor.py:830} INFO - Processing file /home/airflow/.local/lib/python3.8/site-packages/airflow/example_dags/example_python_operator.py for tasks to queue
[2024-03-20T14:00:44.549+0000] {logging_mixin.py:188} INFO - [2024-03-20T14:00:44.548+0000] {dagbag.py:540} INFO - Filling up the DagBag from /home/airflow/.local/lib/python3.8/site-packages/airflow/example_dags/example_python_operator.py
[2024-03-20T14:00:44.591+0000] {processor.py:840} INFO - DAG(s) 'example_python_operator' retrieved from /home/airflow/.local/lib/python3.8/site-packages/airflow/example_dags/example_python_operator.py
[2024-03-20T14:00:45.162+0000] {logging_mixin.py:188} INFO - [2024-03-20T14:00:45.161+0000] {dag.py:3047} INFO - Sync 1 DAGs
[2024-03-20T14:00:45.209+0000] {logging_mixin.py:188} INFO - [2024-03-20T14:00:45.208+0000] {dag.py:3834} INFO - Setting next_dagrun for example_python_operator to None, run_after=None
[2024-03-20T14:00:45.413+0000] {processor.py:183} INFO - Processing /home/airflow/.local/lib/python3.8/site-packages/airflow/example_dags/example_python_operator.py took 0.890 seconds
[2024-03-20T14:01:31.616+0000] {processor.py:161} INFO - Started process (PID=166) to work on /home/airflow/.local/lib/python3.8/site-packages/airflow/example_dags/example_python_operator.py
[2024-03-20T14:01:31.621+0000] {processor.py:830} INFO - Processing file /home/airflow/.local/lib/python3.8/site-packages/airflow/example_dags/example_python_operator.py for tasks to queue
[2024-03-20T14:01:31.642+0000] {logging_mixin.py:188} INFO - [2024-03-20T14:01:31.641+0000] {dagbag.py:540} INFO - Filling up the DagBag from /home/airflow/.local/lib/python3.8/site-packages/airflow/example_dags/example_python_operator.py
[2024-03-20T14:01:31.704+0000] {processor.py:840} INFO - DAG(s) 'example_python_operator' retrieved from /home/airflow/.local/lib/python3.8/site-packages/airflow/example_dags/example_python_operator.py
[2024-03-20T14:01:32.058+0000] {logging_mixin.py:188} INFO - [2024-03-20T14:01:32.057+0000] {dag.py:3047} INFO - Sync 1 DAGs
[2024-03-20T14:01:32.131+0000] {logging_mixin.py:188} INFO - [2024-03-20T14:01:32.131+0000] {dag.py:3834} INFO - Setting next_dagrun for example_python_operator to None, run_after=None
[2024-03-20T14:01:32.179+0000] {processor.py:183} INFO - Processing /home/airflow/.local/lib/python3.8/site-packages/airflow/example_dags/example_python_operator.py took 0.595 seconds
[2024-03-20T14:02:31.882+0000] {processor.py:161} INFO - Started process (PID=228) to work on /home/airflow/.local/lib/python3.8/site-packages/airflow/example_dags/example_python_operator.py
[2024-03-20T14:02:31.900+0000] {processor.py:830} INFO - Processing file /home/airflow/.local/lib/python3.8/site-packages/airflow/example_dags/example_python_operator.py for tasks to queue
[2024-03-20T14:02:31.999+0000] {logging_mixin.py:188} INFO - [2024-03-20T14:02:31.998+0000] {dagbag.py:540} INFO - Filling up the DagBag from /home/airflow/.local/lib/python3.8/site-packages/airflow/example_dags/example_python_operator.py
[2024-03-20T14:02:33.551+0000] {processor.py:840} INFO - DAG(s) 'example_python_operator' retrieved from /home/airflow/.local/lib/python3.8/site-packages/airflow/example_dags/example_python_operator.py
[2024-03-20T14:02:36.340+0000] {logging_mixin.py:188} INFO - [2024-03-20T14:02:36.339+0000] {dag.py:3047} INFO - Sync 1 DAGs
[2024-03-20T14:02:38.740+0000] {logging_mixin.py:188} INFO - [2024-03-20T14:02:38.739+0000] {dag.py:3834} INFO - Setting next_dagrun for example_python_operator to None, run_after=None
[2024-03-20T14:02:40.198+0000] {processor.py:183} INFO - Processing /home/airflow/.local/lib/python3.8/site-packages/airflow/example_dags/example_python_operator.py took 8.347 seconds
