[2024-03-20T14:01:01.278+0000] {processor.py:161} INFO - Started process (PID=128) to work on /home/airflow/.local/lib/python3.8/site-packages/airflow/example_dags/example_branch_labels.py
[2024-03-20T14:01:01.337+0000] {processor.py:830} INFO - Processing file /home/airflow/.local/lib/python3.8/site-packages/airflow/example_dags/example_branch_labels.py for tasks to queue
[2024-03-20T14:01:01.353+0000] {logging_mixin.py:188} INFO - [2024-03-20T14:01:01.352+0000] {dagbag.py:540} INFO - Filling up the DagBag from /home/airflow/.local/lib/python3.8/site-packages/airflow/example_dags/example_branch_labels.py
[2024-03-20T14:01:01.395+0000] {processor.py:840} INFO - DAG(s) 'example_branch_labels' retrieved from /home/airflow/.local/lib/python3.8/site-packages/airflow/example_dags/example_branch_labels.py
[2024-03-20T14:01:02.208+0000] {logging_mixin.py:188} INFO - [2024-03-20T14:01:02.204+0000] {dag.py:3047} INFO - Sync 1 DAGs
[2024-03-20T14:01:02.491+0000] {logging_mixin.py:188} INFO - [2024-03-20T14:01:02.474+0000] {dag.py:3834} INFO - Setting next_dagrun for example_branch_labels to 2024-03-19 00:00:00+00:00, run_after=2024-03-20 00:00:00+00:00
[2024-03-20T14:01:02.709+0000] {processor.py:183} INFO - Processing /home/airflow/.local/lib/python3.8/site-packages/airflow/example_dags/example_branch_labels.py took 1.468 seconds
[2024-03-20T14:01:41.093+0000] {processor.py:161} INFO - Started process (PID=186) to work on /home/airflow/.local/lib/python3.8/site-packages/airflow/example_dags/example_branch_labels.py
[2024-03-20T14:01:41.114+0000] {processor.py:830} INFO - Processing file /home/airflow/.local/lib/python3.8/site-packages/airflow/example_dags/example_branch_labels.py for tasks to queue
[2024-03-20T14:01:41.137+0000] {logging_mixin.py:188} INFO - [2024-03-20T14:01:41.130+0000] {dagbag.py:540} INFO - Filling up the DagBag from /home/airflow/.local/lib/python3.8/site-packages/airflow/example_dags/example_branch_labels.py
[2024-03-20T14:01:41.253+0000] {processor.py:840} INFO - DAG(s) 'example_branch_labels' retrieved from /home/airflow/.local/lib/python3.8/site-packages/airflow/example_dags/example_branch_labels.py
[2024-03-20T14:01:41.488+0000] {logging_mixin.py:188} INFO - [2024-03-20T14:01:41.488+0000] {dag.py:3047} INFO - Sync 1 DAGs
[2024-03-20T14:01:41.574+0000] {logging_mixin.py:188} INFO - [2024-03-20T14:01:41.574+0000] {dag.py:3834} INFO - Setting next_dagrun for example_branch_labels to 2024-03-19 00:00:00+00:00, run_after=2024-03-20 00:00:00+00:00
[2024-03-20T14:01:41.660+0000] {processor.py:183} INFO - Processing /home/airflow/.local/lib/python3.8/site-packages/airflow/example_dags/example_branch_labels.py took 0.587 seconds
[2024-03-20T14:03:14.723+0000] {processor.py:161} INFO - Started process (PID=251) to work on /home/airflow/.local/lib/python3.8/site-packages/airflow/example_dags/example_branch_labels.py
[2024-03-20T14:03:14.752+0000] {processor.py:830} INFO - Processing file /home/airflow/.local/lib/python3.8/site-packages/airflow/example_dags/example_branch_labels.py for tasks to queue
[2024-03-20T14:03:14.770+0000] {logging_mixin.py:188} INFO - [2024-03-20T14:03:14.769+0000] {dagbag.py:540} INFO - Filling up the DagBag from /home/airflow/.local/lib/python3.8/site-packages/airflow/example_dags/example_branch_labels.py
[2024-03-20T14:03:14.964+0000] {processor.py:840} INFO - DAG(s) 'example_branch_labels' retrieved from /home/airflow/.local/lib/python3.8/site-packages/airflow/example_dags/example_branch_labels.py
[2024-03-20T14:03:15.825+0000] {logging_mixin.py:188} INFO - [2024-03-20T14:03:15.814+0000] {dag.py:3047} INFO - Sync 1 DAGs
[2024-03-20T14:03:16.237+0000] {logging_mixin.py:188} INFO - [2024-03-20T14:03:16.236+0000] {dag.py:3834} INFO - Setting next_dagrun for example_branch_labels to 2024-03-19 00:00:00+00:00, run_after=2024-03-20 00:00:00+00:00
[2024-03-20T14:03:16.597+0000] {processor.py:183} INFO - Processing /home/airflow/.local/lib/python3.8/site-packages/airflow/example_dags/example_branch_labels.py took 1.945 seconds
