[2024-03-20T14:00:49.480+0000] {processor.py:161} INFO - Started process (PID=109) to work on /home/airflow/.local/lib/python3.8/site-packages/airflow/example_dags/example_task_group_decorator.py
[2024-03-20T14:00:49.483+0000] {processor.py:830} INFO - Processing file /home/airflow/.local/lib/python3.8/site-packages/airflow/example_dags/example_task_group_decorator.py for tasks to queue
[2024-03-20T14:00:49.488+0000] {logging_mixin.py:188} INFO - [2024-03-20T14:00:49.487+0000] {dagbag.py:540} INFO - Filling up the DagBag from /home/airflow/.local/lib/python3.8/site-packages/airflow/example_dags/example_task_group_decorator.py
[2024-03-20T14:00:49.543+0000] {processor.py:840} INFO - DAG(s) 'example_task_group_decorator' retrieved from /home/airflow/.local/lib/python3.8/site-packages/airflow/example_dags/example_task_group_decorator.py
[2024-03-20T14:00:49.997+0000] {logging_mixin.py:188} INFO - [2024-03-20T14:00:49.996+0000] {dag.py:3047} INFO - Sync 1 DAGs
[2024-03-20T14:00:50.044+0000] {logging_mixin.py:188} INFO - [2024-03-20T14:00:50.043+0000] {dag.py:3834} INFO - Setting next_dagrun for example_task_group_decorator to 2024-03-19 00:00:00+00:00, run_after=2024-03-20 00:00:00+00:00
[2024-03-20T14:00:50.099+0000] {processor.py:183} INFO - Processing /home/airflow/.local/lib/python3.8/site-packages/airflow/example_dags/example_task_group_decorator.py took 0.627 seconds
[2024-03-20T14:01:35.082+0000] {processor.py:161} INFO - Started process (PID=173) to work on /home/airflow/.local/lib/python3.8/site-packages/airflow/example_dags/example_task_group_decorator.py
[2024-03-20T14:01:35.086+0000] {processor.py:830} INFO - Processing file /home/airflow/.local/lib/python3.8/site-packages/airflow/example_dags/example_task_group_decorator.py for tasks to queue
[2024-03-20T14:01:35.090+0000] {logging_mixin.py:188} INFO - [2024-03-20T14:01:35.089+0000] {dagbag.py:540} INFO - Filling up the DagBag from /home/airflow/.local/lib/python3.8/site-packages/airflow/example_dags/example_task_group_decorator.py
[2024-03-20T14:01:35.170+0000] {processor.py:840} INFO - DAG(s) 'example_task_group_decorator' retrieved from /home/airflow/.local/lib/python3.8/site-packages/airflow/example_dags/example_task_group_decorator.py
[2024-03-20T14:01:35.284+0000] {logging_mixin.py:188} INFO - [2024-03-20T14:01:35.284+0000] {dag.py:3047} INFO - Sync 1 DAGs
[2024-03-20T14:01:35.361+0000] {logging_mixin.py:188} INFO - [2024-03-20T14:01:35.360+0000] {dag.py:3834} INFO - Setting next_dagrun for example_task_group_decorator to 2024-03-19 00:00:00+00:00, run_after=2024-03-20 00:00:00+00:00
[2024-03-20T14:01:35.428+0000] {processor.py:183} INFO - Processing /home/airflow/.local/lib/python3.8/site-packages/airflow/example_dags/example_task_group_decorator.py took 0.359 seconds
[2024-03-20T14:02:50.619+0000] {processor.py:161} INFO - Started process (PID=234) to work on /home/airflow/.local/lib/python3.8/site-packages/airflow/example_dags/example_task_group_decorator.py
[2024-03-20T14:02:51.049+0000] {processor.py:830} INFO - Processing file /home/airflow/.local/lib/python3.8/site-packages/airflow/example_dags/example_task_group_decorator.py for tasks to queue
[2024-03-20T14:02:51.300+0000] {logging_mixin.py:188} INFO - [2024-03-20T14:02:51.298+0000] {dagbag.py:540} INFO - Filling up the DagBag from /home/airflow/.local/lib/python3.8/site-packages/airflow/example_dags/example_task_group_decorator.py
[2024-03-20T14:02:52.299+0000] {processor.py:840} INFO - DAG(s) 'example_task_group_decorator' retrieved from /home/airflow/.local/lib/python3.8/site-packages/airflow/example_dags/example_task_group_decorator.py
[2024-03-20T14:02:54.594+0000] {logging_mixin.py:188} INFO - [2024-03-20T14:02:54.578+0000] {dag.py:3047} INFO - Sync 1 DAGs
[2024-03-20T14:02:55.030+0000] {logging_mixin.py:188} INFO - [2024-03-20T14:02:55.029+0000] {dag.py:3834} INFO - Setting next_dagrun for example_task_group_decorator to 2024-03-19 00:00:00+00:00, run_after=2024-03-20 00:00:00+00:00
[2024-03-20T14:02:55.421+0000] {processor.py:183} INFO - Processing /home/airflow/.local/lib/python3.8/site-packages/airflow/example_dags/example_task_group_decorator.py took 4.858 seconds
