[2024-03-20T14:00:38.521+0000] {processor.py:161} INFO - Started process (PID=99) to work on /home/airflow/.local/lib/python3.8/site-packages/airflow/example_dags/example_complex.py
[2024-03-20T14:00:38.537+0000] {processor.py:830} INFO - Processing file /home/airflow/.local/lib/python3.8/site-packages/airflow/example_dags/example_complex.py for tasks to queue
[2024-03-20T14:00:38.569+0000] {logging_mixin.py:188} INFO - [2024-03-20T14:00:38.568+0000] {dagbag.py:540} INFO - Filling up the DagBag from /home/airflow/.local/lib/python3.8/site-packages/airflow/example_dags/example_complex.py
[2024-03-20T14:00:38.787+0000] {processor.py:840} INFO - DAG(s) 'example_complex' retrieved from /home/airflow/.local/lib/python3.8/site-packages/airflow/example_dags/example_complex.py
[2024-03-20T14:00:39.976+0000] {logging_mixin.py:188} INFO - [2024-03-20T14:00:39.975+0000] {dag.py:3047} INFO - Sync 1 DAGs
[2024-03-20T14:00:40.061+0000] {logging_mixin.py:188} INFO - [2024-03-20T14:00:40.061+0000] {dag.py:3834} INFO - Setting next_dagrun for example_complex to None, run_after=None
[2024-03-20T14:00:40.474+0000] {processor.py:183} INFO - Processing /home/airflow/.local/lib/python3.8/site-packages/airflow/example_dags/example_complex.py took 1.963 seconds
[2024-03-20T14:01:28.279+0000] {processor.py:161} INFO - Started process (PID=162) to work on /home/airflow/.local/lib/python3.8/site-packages/airflow/example_dags/example_complex.py
[2024-03-20T14:01:28.282+0000] {processor.py:830} INFO - Processing file /home/airflow/.local/lib/python3.8/site-packages/airflow/example_dags/example_complex.py for tasks to queue
[2024-03-20T14:01:28.296+0000] {logging_mixin.py:188} INFO - [2024-03-20T14:01:28.293+0000] {dagbag.py:540} INFO - Filling up the DagBag from /home/airflow/.local/lib/python3.8/site-packages/airflow/example_dags/example_complex.py
[2024-03-20T14:01:28.411+0000] {processor.py:840} INFO - DAG(s) 'example_complex' retrieved from /home/airflow/.local/lib/python3.8/site-packages/airflow/example_dags/example_complex.py
[2024-03-20T14:01:28.774+0000] {logging_mixin.py:188} INFO - [2024-03-20T14:01:28.773+0000] {dag.py:3047} INFO - Sync 1 DAGs
[2024-03-20T14:01:28.827+0000] {logging_mixin.py:188} INFO - [2024-03-20T14:01:28.827+0000] {dag.py:3834} INFO - Setting next_dagrun for example_complex to None, run_after=None
[2024-03-20T14:01:28.969+0000] {processor.py:183} INFO - Processing /home/airflow/.local/lib/python3.8/site-packages/airflow/example_dags/example_complex.py took 0.743 seconds
[2024-03-20T14:02:13.995+0000] {processor.py:161} INFO - Started process (PID=211) to work on /home/airflow/.local/lib/python3.8/site-packages/airflow/example_dags/example_complex.py
[2024-03-20T14:02:13.998+0000] {processor.py:830} INFO - Processing file /home/airflow/.local/lib/python3.8/site-packages/airflow/example_dags/example_complex.py for tasks to queue
[2024-03-20T14:02:14.014+0000] {logging_mixin.py:188} INFO - [2024-03-20T14:02:14.014+0000] {dagbag.py:540} INFO - Filling up the DagBag from /home/airflow/.local/lib/python3.8/site-packages/airflow/example_dags/example_complex.py
[2024-03-20T14:02:14.206+0000] {processor.py:840} INFO - DAG(s) 'example_complex' retrieved from /home/airflow/.local/lib/python3.8/site-packages/airflow/example_dags/example_complex.py
[2024-03-20T14:02:14.856+0000] {logging_mixin.py:188} INFO - [2024-03-20T14:02:14.855+0000] {dag.py:3047} INFO - Sync 1 DAGs
[2024-03-20T14:02:14.995+0000] {logging_mixin.py:188} INFO - [2024-03-20T14:02:14.994+0000] {dag.py:3834} INFO - Setting next_dagrun for example_complex to None, run_after=None
[2024-03-20T14:02:15.376+0000] {processor.py:183} INFO - Processing /home/airflow/.local/lib/python3.8/site-packages/airflow/example_dags/example_complex.py took 1.406 seconds
