[2024-03-20T14:00:48.288+0000] {processor.py:161} INFO - Started process (PID=107) to work on /home/airflow/.local/lib/python3.8/site-packages/airflow/example_dags/example_trigger_target_dag.py
[2024-03-20T14:00:48.292+0000] {processor.py:830} INFO - Processing file /home/airflow/.local/lib/python3.8/site-packages/airflow/example_dags/example_trigger_target_dag.py for tasks to queue
[2024-03-20T14:00:48.299+0000] {logging_mixin.py:188} INFO - [2024-03-20T14:00:48.298+0000] {dagbag.py:540} INFO - Filling up the DagBag from /home/airflow/.local/lib/python3.8/site-packages/airflow/example_dags/example_trigger_target_dag.py
[2024-03-20T14:00:48.324+0000] {processor.py:840} INFO - DAG(s) 'example_trigger_target_dag' retrieved from /home/airflow/.local/lib/python3.8/site-packages/airflow/example_dags/example_trigger_target_dag.py
[2024-03-20T14:00:48.646+0000] {logging_mixin.py:188} INFO - [2024-03-20T14:00:48.645+0000] {dag.py:3047} INFO - Sync 1 DAGs
[2024-03-20T14:00:48.675+0000] {logging_mixin.py:188} INFO - [2024-03-20T14:00:48.675+0000] {dag.py:3834} INFO - Setting next_dagrun for example_trigger_target_dag to None, run_after=None
[2024-03-20T14:00:48.726+0000] {processor.py:183} INFO - Processing /home/airflow/.local/lib/python3.8/site-packages/airflow/example_dags/example_trigger_target_dag.py took 0.449 seconds
[2024-03-20T14:01:34.141+0000] {processor.py:161} INFO - Started process (PID=170) to work on /home/airflow/.local/lib/python3.8/site-packages/airflow/example_dags/example_trigger_target_dag.py
[2024-03-20T14:01:34.144+0000] {processor.py:830} INFO - Processing file /home/airflow/.local/lib/python3.8/site-packages/airflow/example_dags/example_trigger_target_dag.py for tasks to queue
[2024-03-20T14:01:34.153+0000] {logging_mixin.py:188} INFO - [2024-03-20T14:01:34.152+0000] {dagbag.py:540} INFO - Filling up the DagBag from /home/airflow/.local/lib/python3.8/site-packages/airflow/example_dags/example_trigger_target_dag.py
[2024-03-20T14:01:34.173+0000] {processor.py:840} INFO - DAG(s) 'example_trigger_target_dag' retrieved from /home/airflow/.local/lib/python3.8/site-packages/airflow/example_dags/example_trigger_target_dag.py
[2024-03-20T14:01:34.254+0000] {logging_mixin.py:188} INFO - [2024-03-20T14:01:34.253+0000] {dag.py:3047} INFO - Sync 1 DAGs
[2024-03-20T14:01:34.323+0000] {logging_mixin.py:188} INFO - [2024-03-20T14:01:34.323+0000] {dag.py:3834} INFO - Setting next_dagrun for example_trigger_target_dag to None, run_after=None
[2024-03-20T14:01:34.418+0000] {processor.py:183} INFO - Processing /home/airflow/.local/lib/python3.8/site-packages/airflow/example_dags/example_trigger_target_dag.py took 0.282 seconds
[2024-03-20T14:02:44.965+0000] {processor.py:161} INFO - Started process (PID=232) to work on /home/airflow/.local/lib/python3.8/site-packages/airflow/example_dags/example_trigger_target_dag.py
[2024-03-20T14:02:45.035+0000] {processor.py:830} INFO - Processing file /home/airflow/.local/lib/python3.8/site-packages/airflow/example_dags/example_trigger_target_dag.py for tasks to queue
[2024-03-20T14:02:45.108+0000] {logging_mixin.py:188} INFO - [2024-03-20T14:02:45.107+0000] {dagbag.py:540} INFO - Filling up the DagBag from /home/airflow/.local/lib/python3.8/site-packages/airflow/example_dags/example_trigger_target_dag.py
[2024-03-20T14:02:45.661+0000] {processor.py:840} INFO - DAG(s) 'example_trigger_target_dag' retrieved from /home/airflow/.local/lib/python3.8/site-packages/airflow/example_dags/example_trigger_target_dag.py
[2024-03-20T14:02:46.077+0000] {logging_mixin.py:188} INFO - [2024-03-20T14:02:46.077+0000] {dag.py:3047} INFO - Sync 1 DAGs
[2024-03-20T14:02:46.315+0000] {logging_mixin.py:188} INFO - [2024-03-20T14:02:46.312+0000] {dag.py:3834} INFO - Setting next_dagrun for example_trigger_target_dag to None, run_after=None
[2024-03-20T14:02:49.685+0000] {processor.py:183} INFO - Processing /home/airflow/.local/lib/python3.8/site-packages/airflow/example_dags/example_trigger_target_dag.py took 4.764 seconds
