[2024-03-20T14:00:54.077+0000] {processor.py:161} INFO - Started process (PID=122) to work on /home/airflow/.local/lib/python3.8/site-packages/airflow/example_dags/example_skip_dag.py
[2024-03-20T14:00:54.079+0000] {processor.py:830} INFO - Processing file /home/airflow/.local/lib/python3.8/site-packages/airflow/example_dags/example_skip_dag.py for tasks to queue
[2024-03-20T14:00:54.083+0000] {logging_mixin.py:188} INFO - [2024-03-20T14:00:54.083+0000] {dagbag.py:540} INFO - Filling up the DagBag from /home/airflow/.local/lib/python3.8/site-packages/airflow/example_dags/example_skip_dag.py
[2024-03-20T14:00:54.104+0000] {processor.py:840} INFO - DAG(s) 'example_skip_dag' retrieved from /home/airflow/.local/lib/python3.8/site-packages/airflow/example_dags/example_skip_dag.py
[2024-03-20T14:00:54.541+0000] {logging_mixin.py:188} INFO - [2024-03-20T14:00:54.540+0000] {dag.py:3047} INFO - Sync 1 DAGs
[2024-03-20T14:00:54.640+0000] {logging_mixin.py:188} INFO - [2024-03-20T14:00:54.639+0000] {dag.py:3834} INFO - Setting next_dagrun for example_skip_dag to 2024-03-19 00:00:00+00:00, run_after=2024-03-20 00:00:00+00:00
[2024-03-20T14:00:54.764+0000] {processor.py:183} INFO - Processing /home/airflow/.local/lib/python3.8/site-packages/airflow/example_dags/example_skip_dag.py took 0.699 seconds
[2024-03-20T14:01:36.934+0000] {processor.py:161} INFO - Started process (PID=178) to work on /home/airflow/.local/lib/python3.8/site-packages/airflow/example_dags/example_skip_dag.py
[2024-03-20T14:01:36.945+0000] {processor.py:830} INFO - Processing file /home/airflow/.local/lib/python3.8/site-packages/airflow/example_dags/example_skip_dag.py for tasks to queue
[2024-03-20T14:01:36.952+0000] {logging_mixin.py:188} INFO - [2024-03-20T14:01:36.951+0000] {dagbag.py:540} INFO - Filling up the DagBag from /home/airflow/.local/lib/python3.8/site-packages/airflow/example_dags/example_skip_dag.py
[2024-03-20T14:01:36.984+0000] {processor.py:840} INFO - DAG(s) 'example_skip_dag' retrieved from /home/airflow/.local/lib/python3.8/site-packages/airflow/example_dags/example_skip_dag.py
[2024-03-20T14:01:37.099+0000] {logging_mixin.py:188} INFO - [2024-03-20T14:01:37.099+0000] {dag.py:3047} INFO - Sync 1 DAGs
[2024-03-20T14:01:37.165+0000] {logging_mixin.py:188} INFO - [2024-03-20T14:01:37.164+0000] {dag.py:3834} INFO - Setting next_dagrun for example_skip_dag to 2024-03-19 00:00:00+00:00, run_after=2024-03-20 00:00:00+00:00
[2024-03-20T14:01:37.297+0000] {processor.py:183} INFO - Processing /home/airflow/.local/lib/python3.8/site-packages/airflow/example_dags/example_skip_dag.py took 0.371 seconds
[2024-03-20T14:02:59.282+0000] {processor.py:161} INFO - Started process (PID=239) to work on /home/airflow/.local/lib/python3.8/site-packages/airflow/example_dags/example_skip_dag.py
[2024-03-20T14:02:59.396+0000] {processor.py:830} INFO - Processing file /home/airflow/.local/lib/python3.8/site-packages/airflow/example_dags/example_skip_dag.py for tasks to queue
[2024-03-20T14:02:59.496+0000] {logging_mixin.py:188} INFO - [2024-03-20T14:02:59.455+0000] {dagbag.py:540} INFO - Filling up the DagBag from /home/airflow/.local/lib/python3.8/site-packages/airflow/example_dags/example_skip_dag.py
[2024-03-20T14:02:59.734+0000] {processor.py:840} INFO - DAG(s) 'example_skip_dag' retrieved from /home/airflow/.local/lib/python3.8/site-packages/airflow/example_dags/example_skip_dag.py
[2024-03-20T14:03:00.214+0000] {logging_mixin.py:188} INFO - [2024-03-20T14:03:00.213+0000] {dag.py:3047} INFO - Sync 1 DAGs
[2024-03-20T14:03:00.805+0000] {logging_mixin.py:188} INFO - [2024-03-20T14:03:00.805+0000] {dag.py:3834} INFO - Setting next_dagrun for example_skip_dag to 2024-03-19 00:00:00+00:00, run_after=2024-03-20 00:00:00+00:00
[2024-03-20T14:03:01.526+0000] {processor.py:183} INFO - Processing /home/airflow/.local/lib/python3.8/site-packages/airflow/example_dags/example_skip_dag.py took 2.654 seconds
