[2024-03-20T14:00:33.894+0000] {processor.py:161} INFO - Started process (PID=97) to work on /home/airflow/.local/lib/python3.8/site-packages/airflow/example_dags/example_subdag_operator.py
[2024-03-20T14:00:33.910+0000] {processor.py:830} INFO - Processing file /home/airflow/.local/lib/python3.8/site-packages/airflow/example_dags/example_subdag_operator.py for tasks to queue
[2024-03-20T14:00:33.927+0000] {logging_mixin.py:188} INFO - [2024-03-20T14:00:33.926+0000] {dagbag.py:540} INFO - Filling up the DagBag from /home/airflow/.local/lib/python3.8/site-packages/airflow/example_dags/example_subdag_operator.py
[2024-03-20T14:00:34.655+0000] {processor.py:840} INFO - DAG(s) 'example_subdag_operator.section-1', 'example_subdag_operator.section-2', 'example_subdag_operator' retrieved from /home/airflow/.local/lib/python3.8/site-packages/airflow/example_dags/example_subdag_operator.py
[2024-03-20T14:00:36.099+0000] {logging_mixin.py:188} INFO - [2024-03-20T14:00:36.089+0000] {dag.py:3047} INFO - Sync 3 DAGs
[2024-03-20T14:00:36.201+0000] {logging_mixin.py:188} INFO - [2024-03-20T14:00:36.200+0000] {dag.py:3834} INFO - Setting next_dagrun for example_subdag_operator to 2022-01-01 00:00:00+00:00, run_after=2022-01-01 00:00:00+00:00
[2024-03-20T14:00:36.241+0000] {logging_mixin.py:188} INFO - [2024-03-20T14:00:36.240+0000] {dag.py:3834} INFO - Setting next_dagrun for example_subdag_operator.section-1 to None, run_after=None
[2024-03-20T14:00:36.278+0000] {logging_mixin.py:188} INFO - [2024-03-20T14:00:36.278+0000] {dag.py:3834} INFO - Setting next_dagrun for example_subdag_operator.section-2 to None, run_after=None
[2024-03-20T14:00:36.375+0000] {logging_mixin.py:188} INFO - [2024-03-20T14:00:36.374+0000] {dag.py:3047} INFO - Sync 2 DAGs
[2024-03-20T14:00:36.409+0000] {logging_mixin.py:188} INFO - [2024-03-20T14:00:36.405+0000] {dag.py:3834} INFO - Setting next_dagrun for example_subdag_operator.section-1 to None, run_after=None
[2024-03-20T14:00:36.415+0000] {logging_mixin.py:188} INFO - [2024-03-20T14:00:36.415+0000] {dag.py:3834} INFO - Setting next_dagrun for example_subdag_operator.section-2 to None, run_after=None
[2024-03-20T14:00:36.504+0000] {processor.py:183} INFO - Processing /home/airflow/.local/lib/python3.8/site-packages/airflow/example_dags/example_subdag_operator.py took 2.625 seconds
[2024-03-20T14:01:26.265+0000] {processor.py:161} INFO - Started process (PID=160) to work on /home/airflow/.local/lib/python3.8/site-packages/airflow/example_dags/example_subdag_operator.py
[2024-03-20T14:01:26.270+0000] {processor.py:830} INFO - Processing file /home/airflow/.local/lib/python3.8/site-packages/airflow/example_dags/example_subdag_operator.py for tasks to queue
[2024-03-20T14:01:26.275+0000] {logging_mixin.py:188} INFO - [2024-03-20T14:01:26.275+0000] {dagbag.py:540} INFO - Filling up the DagBag from /home/airflow/.local/lib/python3.8/site-packages/airflow/example_dags/example_subdag_operator.py
[2024-03-20T14:01:26.429+0000] {processor.py:840} INFO - DAG(s) 'example_subdag_operator.section-1', 'example_subdag_operator.section-2', 'example_subdag_operator' retrieved from /home/airflow/.local/lib/python3.8/site-packages/airflow/example_dags/example_subdag_operator.py
[2024-03-20T14:01:26.568+0000] {logging_mixin.py:188} INFO - [2024-03-20T14:01:26.567+0000] {dag.py:3047} INFO - Sync 3 DAGs
[2024-03-20T14:01:26.721+0000] {logging_mixin.py:188} INFO - [2024-03-20T14:01:26.721+0000] {dag.py:3834} INFO - Setting next_dagrun for example_subdag_operator to 2022-01-01 00:00:00+00:00, run_after=2022-01-01 00:00:00+00:00
[2024-03-20T14:01:26.743+0000] {logging_mixin.py:188} INFO - [2024-03-20T14:01:26.743+0000] {dag.py:3834} INFO - Setting next_dagrun for example_subdag_operator.section-1 to None, run_after=None
[2024-03-20T14:01:26.759+0000] {logging_mixin.py:188} INFO - [2024-03-20T14:01:26.758+0000] {dag.py:3834} INFO - Setting next_dagrun for example_subdag_operator.section-2 to None, run_after=None
[2024-03-20T14:01:26.826+0000] {logging_mixin.py:188} INFO - [2024-03-20T14:01:26.825+0000] {dag.py:3047} INFO - Sync 2 DAGs
[2024-03-20T14:01:26.858+0000] {logging_mixin.py:188} INFO - [2024-03-20T14:01:26.854+0000] {dag.py:3834} INFO - Setting next_dagrun for example_subdag_operator.section-1 to None, run_after=None
[2024-03-20T14:01:26.861+0000] {logging_mixin.py:188} INFO - [2024-03-20T14:01:26.861+0000] {dag.py:3834} INFO - Setting next_dagrun for example_subdag_operator.section-2 to None, run_after=None
[2024-03-20T14:01:27.007+0000] {processor.py:183} INFO - Processing /home/airflow/.local/lib/python3.8/site-packages/airflow/example_dags/example_subdag_operator.py took 0.764 seconds
[2024-03-20T14:02:12.285+0000] {processor.py:161} INFO - Started process (PID=209) to work on /home/airflow/.local/lib/python3.8/site-packages/airflow/example_dags/example_subdag_operator.py
[2024-03-20T14:02:12.297+0000] {processor.py:830} INFO - Processing file /home/airflow/.local/lib/python3.8/site-packages/airflow/example_dags/example_subdag_operator.py for tasks to queue
[2024-03-20T14:02:12.306+0000] {logging_mixin.py:188} INFO - [2024-03-20T14:02:12.305+0000] {dagbag.py:540} INFO - Filling up the DagBag from /home/airflow/.local/lib/python3.8/site-packages/airflow/example_dags/example_subdag_operator.py
[2024-03-20T14:02:12.590+0000] {processor.py:840} INFO - DAG(s) 'example_subdag_operator.section-1', 'example_subdag_operator.section-2', 'example_subdag_operator' retrieved from /home/airflow/.local/lib/python3.8/site-packages/airflow/example_dags/example_subdag_operator.py
[2024-03-20T14:02:12.898+0000] {logging_mixin.py:188} INFO - [2024-03-20T14:02:12.898+0000] {dag.py:3047} INFO - Sync 3 DAGs
[2024-03-20T14:02:13.055+0000] {logging_mixin.py:188} INFO - [2024-03-20T14:02:13.055+0000] {dag.py:3834} INFO - Setting next_dagrun for example_subdag_operator to 2022-01-01 00:00:00+00:00, run_after=2022-01-01 00:00:00+00:00
[2024-03-20T14:02:13.074+0000] {logging_mixin.py:188} INFO - [2024-03-20T14:02:13.073+0000] {dag.py:3834} INFO - Setting next_dagrun for example_subdag_operator.section-1 to None, run_after=None
[2024-03-20T14:02:13.104+0000] {logging_mixin.py:188} INFO - [2024-03-20T14:02:13.078+0000] {dag.py:3834} INFO - Setting next_dagrun for example_subdag_operator.section-2 to None, run_after=None
[2024-03-20T14:02:13.260+0000] {logging_mixin.py:188} INFO - [2024-03-20T14:02:13.253+0000] {dag.py:3047} INFO - Sync 2 DAGs
[2024-03-20T14:02:13.366+0000] {logging_mixin.py:188} INFO - [2024-03-20T14:02:13.354+0000] {dag.py:3834} INFO - Setting next_dagrun for example_subdag_operator.section-1 to None, run_after=None
[2024-03-20T14:02:13.369+0000] {logging_mixin.py:188} INFO - [2024-03-20T14:02:13.368+0000] {dag.py:3834} INFO - Setting next_dagrun for example_subdag_operator.section-2 to None, run_after=None
[2024-03-20T14:02:13.686+0000] {processor.py:183} INFO - Processing /home/airflow/.local/lib/python3.8/site-packages/airflow/example_dags/example_subdag_operator.py took 1.428 seconds
