[2024-03-20T14:00:41.906+0000] {processor.py:161} INFO - Started process (PID=101) to work on /home/airflow/.local/lib/python3.8/site-packages/airflow/example_dags/example_local_kubernetes_executor.py
[2024-03-20T14:00:41.938+0000] {processor.py:830} INFO - Processing file /home/airflow/.local/lib/python3.8/site-packages/airflow/example_dags/example_local_kubernetes_executor.py for tasks to queue
[2024-03-20T14:00:41.975+0000] {logging_mixin.py:188} INFO - [2024-03-20T14:00:41.974+0000] {dagbag.py:540} INFO - Filling up the DagBag from /home/airflow/.local/lib/python3.8/site-packages/airflow/example_dags/example_local_kubernetes_executor.py
[2024-03-20T14:00:42.054+0000] {processor.py:840} INFO - DAG(s) 'example_local_kubernetes_executor' retrieved from /home/airflow/.local/lib/python3.8/site-packages/airflow/example_dags/example_local_kubernetes_executor.py
[2024-03-20T14:00:43.368+0000] {logging_mixin.py:188} INFO - [2024-03-20T14:00:43.367+0000] {dag.py:3047} INFO - Sync 1 DAGs
[2024-03-20T14:00:43.530+0000] {logging_mixin.py:188} INFO - [2024-03-20T14:00:43.529+0000] {dag.py:3834} INFO - Setting next_dagrun for example_local_kubernetes_executor to None, run_after=None
[2024-03-20T14:00:43.645+0000] {processor.py:183} INFO - Processing /home/airflow/.local/lib/python3.8/site-packages/airflow/example_dags/example_local_kubernetes_executor.py took 1.755 seconds
[2024-03-20T14:01:29.879+0000] {processor.py:161} INFO - Started process (PID=164) to work on /home/airflow/.local/lib/python3.8/site-packages/airflow/example_dags/example_local_kubernetes_executor.py
[2024-03-20T14:01:29.886+0000] {processor.py:830} INFO - Processing file /home/airflow/.local/lib/python3.8/site-packages/airflow/example_dags/example_local_kubernetes_executor.py for tasks to queue
[2024-03-20T14:01:29.904+0000] {logging_mixin.py:188} INFO - [2024-03-20T14:01:29.903+0000] {dagbag.py:540} INFO - Filling up the DagBag from /home/airflow/.local/lib/python3.8/site-packages/airflow/example_dags/example_local_kubernetes_executor.py
[2024-03-20T14:01:29.976+0000] {processor.py:840} INFO - DAG(s) 'example_local_kubernetes_executor' retrieved from /home/airflow/.local/lib/python3.8/site-packages/airflow/example_dags/example_local_kubernetes_executor.py
[2024-03-20T14:01:30.341+0000] {logging_mixin.py:188} INFO - [2024-03-20T14:01:30.340+0000] {dag.py:3047} INFO - Sync 1 DAGs
[2024-03-20T14:01:30.425+0000] {logging_mixin.py:188} INFO - [2024-03-20T14:01:30.425+0000] {dag.py:3834} INFO - Setting next_dagrun for example_local_kubernetes_executor to None, run_after=None
[2024-03-20T14:01:30.576+0000] {processor.py:183} INFO - Processing /home/airflow/.local/lib/python3.8/site-packages/airflow/example_dags/example_local_kubernetes_executor.py took 0.729 seconds
[2024-03-20T14:02:16.054+0000] {processor.py:161} INFO - Started process (PID=213) to work on /home/airflow/.local/lib/python3.8/site-packages/airflow/example_dags/example_local_kubernetes_executor.py
[2024-03-20T14:02:16.070+0000] {processor.py:830} INFO - Processing file /home/airflow/.local/lib/python3.8/site-packages/airflow/example_dags/example_local_kubernetes_executor.py for tasks to queue
[2024-03-20T14:02:16.075+0000] {logging_mixin.py:188} INFO - [2024-03-20T14:02:16.074+0000] {dagbag.py:540} INFO - Filling up the DagBag from /home/airflow/.local/lib/python3.8/site-packages/airflow/example_dags/example_local_kubernetes_executor.py
[2024-03-20T14:02:16.134+0000] {processor.py:840} INFO - DAG(s) 'example_local_kubernetes_executor' retrieved from /home/airflow/.local/lib/python3.8/site-packages/airflow/example_dags/example_local_kubernetes_executor.py
[2024-03-20T14:02:16.866+0000] {logging_mixin.py:188} INFO - [2024-03-20T14:02:16.865+0000] {dag.py:3047} INFO - Sync 1 DAGs
[2024-03-20T14:02:17.054+0000] {logging_mixin.py:188} INFO - [2024-03-20T14:02:17.041+0000] {dag.py:3834} INFO - Setting next_dagrun for example_local_kubernetes_executor to None, run_after=None
[2024-03-20T14:02:17.415+0000] {processor.py:183} INFO - Processing /home/airflow/.local/lib/python3.8/site-packages/airflow/example_dags/example_local_kubernetes_executor.py took 1.465 seconds
