[2024-03-20T14:00:47.643+0000] {processor.py:161} INFO - Started process (PID=106) to work on /home/airflow/.local/lib/python3.8/site-packages/airflow/example_dags/example_external_task_marker_dag.py
[2024-03-20T14:00:47.645+0000] {processor.py:830} INFO - Processing file /home/airflow/.local/lib/python3.8/site-packages/airflow/example_dags/example_external_task_marker_dag.py for tasks to queue
[2024-03-20T14:00:47.649+0000] {logging_mixin.py:188} INFO - [2024-03-20T14:00:47.648+0000] {dagbag.py:540} INFO - Filling up the DagBag from /home/airflow/.local/lib/python3.8/site-packages/airflow/example_dags/example_external_task_marker_dag.py
[2024-03-20T14:00:47.663+0000] {processor.py:840} INFO - DAG(s) 'example_external_task_marker_child', 'example_external_task_marker_parent' retrieved from /home/airflow/.local/lib/python3.8/site-packages/airflow/example_dags/example_external_task_marker_dag.py
[2024-03-20T14:00:48.032+0000] {logging_mixin.py:188} INFO - [2024-03-20T14:00:48.031+0000] {dag.py:3047} INFO - Sync 2 DAGs
[2024-03-20T14:00:48.106+0000] {logging_mixin.py:188} INFO - [2024-03-20T14:00:48.105+0000] {dag.py:3834} INFO - Setting next_dagrun for example_external_task_marker_child to None, run_after=None
[2024-03-20T14:00:48.114+0000] {logging_mixin.py:188} INFO - [2024-03-20T14:00:48.114+0000] {dag.py:3834} INFO - Setting next_dagrun for example_external_task_marker_parent to None, run_after=None
[2024-03-20T14:00:48.185+0000] {processor.py:183} INFO - Processing /home/airflow/.local/lib/python3.8/site-packages/airflow/example_dags/example_external_task_marker_dag.py took 0.549 seconds
[2024-03-20T14:01:33.692+0000] {processor.py:161} INFO - Started process (PID=169) to work on /home/airflow/.local/lib/python3.8/site-packages/airflow/example_dags/example_external_task_marker_dag.py
[2024-03-20T14:01:33.697+0000] {processor.py:830} INFO - Processing file /home/airflow/.local/lib/python3.8/site-packages/airflow/example_dags/example_external_task_marker_dag.py for tasks to queue
[2024-03-20T14:01:33.703+0000] {logging_mixin.py:188} INFO - [2024-03-20T14:01:33.702+0000] {dagbag.py:540} INFO - Filling up the DagBag from /home/airflow/.local/lib/python3.8/site-packages/airflow/example_dags/example_external_task_marker_dag.py
[2024-03-20T14:01:33.734+0000] {processor.py:840} INFO - DAG(s) 'example_external_task_marker_parent', 'example_external_task_marker_child' retrieved from /home/airflow/.local/lib/python3.8/site-packages/airflow/example_dags/example_external_task_marker_dag.py
[2024-03-20T14:01:33.809+0000] {logging_mixin.py:188} INFO - [2024-03-20T14:01:33.808+0000] {dag.py:3047} INFO - Sync 2 DAGs
[2024-03-20T14:01:33.882+0000] {logging_mixin.py:188} INFO - [2024-03-20T14:01:33.881+0000] {dag.py:3834} INFO - Setting next_dagrun for example_external_task_marker_child to None, run_after=None
[2024-03-20T14:01:33.909+0000] {logging_mixin.py:188} INFO - [2024-03-20T14:01:33.908+0000] {dag.py:3834} INFO - Setting next_dagrun for example_external_task_marker_parent to None, run_after=None
[2024-03-20T14:01:34.050+0000] {processor.py:183} INFO - Processing /home/airflow/.local/lib/python3.8/site-packages/airflow/example_dags/example_external_task_marker_dag.py took 0.374 seconds
[2024-03-20T14:02:42.629+0000] {processor.py:161} INFO - Started process (PID=231) to work on /home/airflow/.local/lib/python3.8/site-packages/airflow/example_dags/example_external_task_marker_dag.py
[2024-03-20T14:02:42.704+0000] {processor.py:830} INFO - Processing file /home/airflow/.local/lib/python3.8/site-packages/airflow/example_dags/example_external_task_marker_dag.py for tasks to queue
[2024-03-20T14:02:42.775+0000] {logging_mixin.py:188} INFO - [2024-03-20T14:02:42.774+0000] {dagbag.py:540} INFO - Filling up the DagBag from /home/airflow/.local/lib/python3.8/site-packages/airflow/example_dags/example_external_task_marker_dag.py
[2024-03-20T14:02:42.847+0000] {processor.py:840} INFO - DAG(s) 'example_external_task_marker_child', 'example_external_task_marker_parent' retrieved from /home/airflow/.local/lib/python3.8/site-packages/airflow/example_dags/example_external_task_marker_dag.py
[2024-03-20T14:02:43.636+0000] {logging_mixin.py:188} INFO - [2024-03-20T14:02:43.635+0000] {dag.py:3047} INFO - Sync 2 DAGs
[2024-03-20T14:02:43.868+0000] {logging_mixin.py:188} INFO - [2024-03-20T14:02:43.867+0000] {dag.py:3834} INFO - Setting next_dagrun for example_external_task_marker_child to None, run_after=None
[2024-03-20T14:02:43.941+0000] {logging_mixin.py:188} INFO - [2024-03-20T14:02:43.940+0000] {dag.py:3834} INFO - Setting next_dagrun for example_external_task_marker_parent to None, run_after=None
[2024-03-20T14:02:44.315+0000] {processor.py:183} INFO - Processing /home/airflow/.local/lib/python3.8/site-packages/airflow/example_dags/example_external_task_marker_dag.py took 1.951 seconds
