[2024-03-20T14:01:06.522+0000] {processor.py:161} INFO - Started process (PID=134) to work on /home/airflow/.local/lib/python3.8/site-packages/airflow/example_dags/example_bash_operator.py
[2024-03-20T14:01:06.527+0000] {processor.py:830} INFO - Processing file /home/airflow/.local/lib/python3.8/site-packages/airflow/example_dags/example_bash_operator.py for tasks to queue
[2024-03-20T14:01:06.534+0000] {logging_mixin.py:188} INFO - [2024-03-20T14:01:06.533+0000] {dagbag.py:540} INFO - Filling up the DagBag from /home/airflow/.local/lib/python3.8/site-packages/airflow/example_dags/example_bash_operator.py
[2024-03-20T14:01:06.577+0000] {processor.py:840} INFO - DAG(s) 'example_bash_operator' retrieved from /home/airflow/.local/lib/python3.8/site-packages/airflow/example_dags/example_bash_operator.py
[2024-03-20T14:01:07.366+0000] {logging_mixin.py:188} INFO - [2024-03-20T14:01:07.365+0000] {dag.py:3047} INFO - Sync 1 DAGs
[2024-03-20T14:01:07.567+0000] {logging_mixin.py:188} INFO - [2024-03-20T14:01:07.567+0000] {dag.py:3834} INFO - Setting next_dagrun for example_bash_operator to 2024-03-19 00:00:00+00:00, run_after=2024-03-20 00:00:00+00:00
[2024-03-20T14:01:07.772+0000] {processor.py:183} INFO - Processing /home/airflow/.local/lib/python3.8/site-packages/airflow/example_dags/example_bash_operator.py took 1.261 seconds
[2024-03-20T14:01:49.322+0000] {processor.py:161} INFO - Started process (PID=192) to work on /home/airflow/.local/lib/python3.8/site-packages/airflow/example_dags/example_bash_operator.py
[2024-03-20T14:01:49.371+0000] {processor.py:830} INFO - Processing file /home/airflow/.local/lib/python3.8/site-packages/airflow/example_dags/example_bash_operator.py for tasks to queue
[2024-03-20T14:01:49.387+0000] {logging_mixin.py:188} INFO - [2024-03-20T14:01:49.386+0000] {dagbag.py:540} INFO - Filling up the DagBag from /home/airflow/.local/lib/python3.8/site-packages/airflow/example_dags/example_bash_operator.py
[2024-03-20T14:01:49.829+0000] {processor.py:840} INFO - DAG(s) 'example_bash_operator' retrieved from /home/airflow/.local/lib/python3.8/site-packages/airflow/example_dags/example_bash_operator.py
[2024-03-20T14:01:50.425+0000] {logging_mixin.py:188} INFO - [2024-03-20T14:01:50.424+0000] {dag.py:3047} INFO - Sync 1 DAGs
[2024-03-20T14:01:51.021+0000] {logging_mixin.py:188} INFO - [2024-03-20T14:01:50.992+0000] {dag.py:3834} INFO - Setting next_dagrun for example_bash_operator to 2024-03-19 00:00:00+00:00, run_after=2024-03-20 00:00:00+00:00
[2024-03-20T14:01:51.541+0000] {processor.py:183} INFO - Processing /home/airflow/.local/lib/python3.8/site-packages/airflow/example_dags/example_bash_operator.py took 2.292 seconds
[2024-03-20T14:03:27.439+0000] {processor.py:161} INFO - Started process (PID=257) to work on /home/airflow/.local/lib/python3.8/site-packages/airflow/example_dags/example_bash_operator.py
[2024-03-20T14:03:27.477+0000] {processor.py:830} INFO - Processing file /home/airflow/.local/lib/python3.8/site-packages/airflow/example_dags/example_bash_operator.py for tasks to queue
[2024-03-20T14:03:27.491+0000] {logging_mixin.py:188} INFO - [2024-03-20T14:03:27.490+0000] {dagbag.py:540} INFO - Filling up the DagBag from /home/airflow/.local/lib/python3.8/site-packages/airflow/example_dags/example_bash_operator.py
[2024-03-20T14:03:28.313+0000] {processor.py:840} INFO - DAG(s) 'example_bash_operator' retrieved from /home/airflow/.local/lib/python3.8/site-packages/airflow/example_dags/example_bash_operator.py
[2024-03-20T14:03:29.144+0000] {logging_mixin.py:188} INFO - [2024-03-20T14:03:29.096+0000] {dag.py:3047} INFO - Sync 1 DAGs
[2024-03-20T14:03:29.906+0000] {logging_mixin.py:188} INFO - [2024-03-20T14:03:29.906+0000] {dag.py:3834} INFO - Setting next_dagrun for example_bash_operator to 2024-03-19 00:00:00+00:00, run_after=2024-03-20 00:00:00+00:00
[2024-03-20T14:03:30.477+0000] {processor.py:183} INFO - Processing /home/airflow/.local/lib/python3.8/site-packages/airflow/example_dags/example_bash_operator.py took 3.082 seconds
