[2024-03-20T14:01:03.056+0000] {processor.py:161} INFO - Started process (PID=129) to work on /home/airflow/.local/lib/python3.8/site-packages/airflow/example_dags/example_params_trigger_ui.py
[2024-03-20T14:01:03.068+0000] {processor.py:830} INFO - Processing file /home/airflow/.local/lib/python3.8/site-packages/airflow/example_dags/example_params_trigger_ui.py for tasks to queue
[2024-03-20T14:01:03.084+0000] {logging_mixin.py:188} INFO - [2024-03-20T14:01:03.083+0000] {dagbag.py:540} INFO - Filling up the DagBag from /home/airflow/.local/lib/python3.8/site-packages/airflow/example_dags/example_params_trigger_ui.py
[2024-03-20T14:01:03.223+0000] {processor.py:840} INFO - DAG(s) 'example_params_trigger_ui' retrieved from /home/airflow/.local/lib/python3.8/site-packages/airflow/example_dags/example_params_trigger_ui.py
[2024-03-20T14:01:04.200+0000] {logging_mixin.py:188} INFO - [2024-03-20T14:01:04.199+0000] {dag.py:3047} INFO - Sync 1 DAGs
[2024-03-20T14:01:04.240+0000] {logging_mixin.py:188} INFO - [2024-03-20T14:01:04.240+0000] {dag.py:3834} INFO - Setting next_dagrun for example_params_trigger_ui to None, run_after=None
[2024-03-20T14:01:04.360+0000] {processor.py:183} INFO - Processing /home/airflow/.local/lib/python3.8/site-packages/airflow/example_dags/example_params_trigger_ui.py took 1.334 seconds
[2024-03-20T14:01:41.770+0000] {processor.py:161} INFO - Started process (PID=187) to work on /home/airflow/.local/lib/python3.8/site-packages/airflow/example_dags/example_params_trigger_ui.py
[2024-03-20T14:01:41.774+0000] {processor.py:830} INFO - Processing file /home/airflow/.local/lib/python3.8/site-packages/airflow/example_dags/example_params_trigger_ui.py for tasks to queue
[2024-03-20T14:01:41.781+0000] {logging_mixin.py:188} INFO - [2024-03-20T14:01:41.778+0000] {dagbag.py:540} INFO - Filling up the DagBag from /home/airflow/.local/lib/python3.8/site-packages/airflow/example_dags/example_params_trigger_ui.py
[2024-03-20T14:01:41.880+0000] {processor.py:840} INFO - DAG(s) 'example_params_trigger_ui' retrieved from /home/airflow/.local/lib/python3.8/site-packages/airflow/example_dags/example_params_trigger_ui.py
[2024-03-20T14:01:42.191+0000] {logging_mixin.py:188} INFO - [2024-03-20T14:01:42.189+0000] {dag.py:3047} INFO - Sync 1 DAGs
[2024-03-20T14:01:42.226+0000] {logging_mixin.py:188} INFO - [2024-03-20T14:01:42.226+0000] {dag.py:3834} INFO - Setting next_dagrun for example_params_trigger_ui to None, run_after=None
[2024-03-20T14:01:42.272+0000] {processor.py:183} INFO - Processing /home/airflow/.local/lib/python3.8/site-packages/airflow/example_dags/example_params_trigger_ui.py took 0.517 seconds
[2024-03-20T14:03:16.658+0000] {processor.py:161} INFO - Started process (PID=252) to work on /home/airflow/.local/lib/python3.8/site-packages/airflow/example_dags/example_params_trigger_ui.py
[2024-03-20T14:03:16.666+0000] {processor.py:830} INFO - Processing file /home/airflow/.local/lib/python3.8/site-packages/airflow/example_dags/example_params_trigger_ui.py for tasks to queue
[2024-03-20T14:03:16.671+0000] {logging_mixin.py:188} INFO - [2024-03-20T14:03:16.671+0000] {dagbag.py:540} INFO - Filling up the DagBag from /home/airflow/.local/lib/python3.8/site-packages/airflow/example_dags/example_params_trigger_ui.py
[2024-03-20T14:03:16.944+0000] {processor.py:840} INFO - DAG(s) 'example_params_trigger_ui' retrieved from /home/airflow/.local/lib/python3.8/site-packages/airflow/example_dags/example_params_trigger_ui.py
[2024-03-20T14:03:17.934+0000] {logging_mixin.py:188} INFO - [2024-03-20T14:03:17.923+0000] {dag.py:3047} INFO - Sync 1 DAGs
[2024-03-20T14:03:18.131+0000] {logging_mixin.py:188} INFO - [2024-03-20T14:03:18.130+0000] {dag.py:3834} INFO - Setting next_dagrun for example_params_trigger_ui to None, run_after=None
[2024-03-20T14:03:18.496+0000] {processor.py:183} INFO - Processing /home/airflow/.local/lib/python3.8/site-packages/airflow/example_dags/example_params_trigger_ui.py took 1.881 seconds
