[2024-03-20T14:00:36.599+0000] {processor.py:161} INFO - Started process (PID=98) to work on /home/airflow/.local/lib/python3.8/site-packages/airflow/example_dags/example_python_decorator.py
[2024-03-20T14:00:36.602+0000] {processor.py:830} INFO - Processing file /home/airflow/.local/lib/python3.8/site-packages/airflow/example_dags/example_python_decorator.py for tasks to queue
[2024-03-20T14:00:36.612+0000] {logging_mixin.py:188} INFO - [2024-03-20T14:00:36.612+0000] {dagbag.py:540} INFO - Filling up the DagBag from /home/airflow/.local/lib/python3.8/site-packages/airflow/example_dags/example_python_decorator.py
[2024-03-20T14:00:36.686+0000] {processor.py:840} INFO - DAG(s) 'example_python_decorator' retrieved from /home/airflow/.local/lib/python3.8/site-packages/airflow/example_dags/example_python_decorator.py
[2024-03-20T14:00:37.957+0000] {logging_mixin.py:188} INFO - [2024-03-20T14:00:37.956+0000] {dag.py:3047} INFO - Sync 1 DAGs
[2024-03-20T14:00:38.138+0000] {logging_mixin.py:188} INFO - [2024-03-20T14:00:38.137+0000] {dag.py:3834} INFO - Setting next_dagrun for example_python_decorator to None, run_after=None
[2024-03-20T14:00:38.250+0000] {processor.py:183} INFO - Processing /home/airflow/.local/lib/python3.8/site-packages/airflow/example_dags/example_python_decorator.py took 1.672 seconds
[2024-03-20T14:01:27.215+0000] {processor.py:161} INFO - Started process (PID=161) to work on /home/airflow/.local/lib/python3.8/site-packages/airflow/example_dags/example_python_decorator.py
[2024-03-20T14:01:27.256+0000] {processor.py:830} INFO - Processing file /home/airflow/.local/lib/python3.8/site-packages/airflow/example_dags/example_python_decorator.py for tasks to queue
[2024-03-20T14:01:27.403+0000] {logging_mixin.py:188} INFO - [2024-03-20T14:01:27.402+0000] {dagbag.py:540} INFO - Filling up the DagBag from /home/airflow/.local/lib/python3.8/site-packages/airflow/example_dags/example_python_decorator.py
[2024-03-20T14:01:27.656+0000] {processor.py:840} INFO - DAG(s) 'example_python_decorator' retrieved from /home/airflow/.local/lib/python3.8/site-packages/airflow/example_dags/example_python_decorator.py
[2024-03-20T14:01:27.752+0000] {logging_mixin.py:188} INFO - [2024-03-20T14:01:27.752+0000] {dag.py:3047} INFO - Sync 1 DAGs
[2024-03-20T14:01:27.912+0000] {logging_mixin.py:188} INFO - [2024-03-20T14:01:27.911+0000] {dag.py:3834} INFO - Setting next_dagrun for example_python_decorator to None, run_after=None
[2024-03-20T14:01:28.008+0000] {processor.py:183} INFO - Processing /home/airflow/.local/lib/python3.8/site-packages/airflow/example_dags/example_python_decorator.py took 0.805 seconds
[2024-03-20T14:02:12.615+0000] {processor.py:161} INFO - Started process (PID=210) to work on /home/airflow/.local/lib/python3.8/site-packages/airflow/example_dags/example_python_decorator.py
[2024-03-20T14:02:12.631+0000] {processor.py:830} INFO - Processing file /home/airflow/.local/lib/python3.8/site-packages/airflow/example_dags/example_python_decorator.py for tasks to queue
[2024-03-20T14:02:12.650+0000] {logging_mixin.py:188} INFO - [2024-03-20T14:02:12.649+0000] {dagbag.py:540} INFO - Filling up the DagBag from /home/airflow/.local/lib/python3.8/site-packages/airflow/example_dags/example_python_decorator.py
[2024-03-20T14:02:13.090+0000] {processor.py:840} INFO - DAG(s) 'example_python_decorator' retrieved from /home/airflow/.local/lib/python3.8/site-packages/airflow/example_dags/example_python_decorator.py
[2024-03-20T14:02:13.546+0000] {logging_mixin.py:188} INFO - [2024-03-20T14:02:13.545+0000] {dag.py:3047} INFO - Sync 1 DAGs
[2024-03-20T14:02:13.722+0000] {logging_mixin.py:188} INFO - [2024-03-20T14:02:13.722+0000] {dag.py:3834} INFO - Setting next_dagrun for example_python_decorator to None, run_after=None
[2024-03-20T14:02:14.113+0000] {processor.py:183} INFO - Processing /home/airflow/.local/lib/python3.8/site-packages/airflow/example_dags/example_python_decorator.py took 1.572 seconds
