[2024-03-20T14:00:20.663+0000] {processor.py:161} INFO - Started process (PID=87) to work on /home/airflow/.local/lib/python3.8/site-packages/airflow/example_dags/example_task_group.py
[2024-03-20T14:00:20.686+0000] {processor.py:830} INFO - Processing file /home/airflow/.local/lib/python3.8/site-packages/airflow/example_dags/example_task_group.py for tasks to queue
[2024-03-20T14:00:20.736+0000] {logging_mixin.py:188} INFO - [2024-03-20T14:00:20.710+0000] {dagbag.py:540} INFO - Filling up the DagBag from /home/airflow/.local/lib/python3.8/site-packages/airflow/example_dags/example_task_group.py
[2024-03-20T14:00:20.841+0000] {processor.py:840} INFO - DAG(s) 'example_task_group' retrieved from /home/airflow/.local/lib/python3.8/site-packages/airflow/example_dags/example_task_group.py
[2024-03-20T14:00:22.184+0000] {logging_mixin.py:188} INFO - [2024-03-20T14:00:22.183+0000] {dag.py:3047} INFO - Sync 1 DAGs
[2024-03-20T14:00:22.338+0000] {logging_mixin.py:188} INFO - [2024-03-20T14:00:22.335+0000] {dag.py:3834} INFO - Setting next_dagrun for example_task_group to 2024-03-19 00:00:00+00:00, run_after=2024-03-20 00:00:00+00:00
[2024-03-20T14:00:22.775+0000] {processor.py:183} INFO - Processing /home/airflow/.local/lib/python3.8/site-packages/airflow/example_dags/example_task_group.py took 2.132 seconds
[2024-03-20T14:01:22.203+0000] {processor.py:161} INFO - Started process (PID=150) to work on /home/airflow/.local/lib/python3.8/site-packages/airflow/example_dags/example_task_group.py
[2024-03-20T14:01:22.220+0000] {processor.py:830} INFO - Processing file /home/airflow/.local/lib/python3.8/site-packages/airflow/example_dags/example_task_group.py for tasks to queue
[2024-03-20T14:01:22.286+0000] {logging_mixin.py:188} INFO - [2024-03-20T14:01:22.262+0000] {dagbag.py:540} INFO - Filling up the DagBag from /home/airflow/.local/lib/python3.8/site-packages/airflow/example_dags/example_task_group.py
[2024-03-20T14:01:22.423+0000] {processor.py:840} INFO - DAG(s) 'example_task_group' retrieved from /home/airflow/.local/lib/python3.8/site-packages/airflow/example_dags/example_task_group.py
[2024-03-20T14:01:22.890+0000] {logging_mixin.py:188} INFO - [2024-03-20T14:01:22.889+0000] {dag.py:3047} INFO - Sync 1 DAGs
[2024-03-20T14:01:23.120+0000] {logging_mixin.py:188} INFO - [2024-03-20T14:01:23.119+0000] {dag.py:3834} INFO - Setting next_dagrun for example_task_group to 2024-03-19 00:00:00+00:00, run_after=2024-03-20 00:00:00+00:00
[2024-03-20T14:01:23.253+0000] {processor.py:183} INFO - Processing /home/airflow/.local/lib/python3.8/site-packages/airflow/example_dags/example_task_group.py took 1.095 seconds
[2024-03-20T14:02:08.451+0000] {processor.py:161} INFO - Started process (PID=205) to work on /home/airflow/.local/lib/python3.8/site-packages/airflow/example_dags/example_task_group.py
[2024-03-20T14:02:08.592+0000] {processor.py:830} INFO - Processing file /home/airflow/.local/lib/python3.8/site-packages/airflow/example_dags/example_task_group.py for tasks to queue
[2024-03-20T14:02:08.610+0000] {logging_mixin.py:188} INFO - [2024-03-20T14:02:08.609+0000] {dagbag.py:540} INFO - Filling up the DagBag from /home/airflow/.local/lib/python3.8/site-packages/airflow/example_dags/example_task_group.py
[2024-03-20T14:02:08.748+0000] {processor.py:840} INFO - DAG(s) 'example_task_group' retrieved from /home/airflow/.local/lib/python3.8/site-packages/airflow/example_dags/example_task_group.py
[2024-03-20T14:02:08.971+0000] {logging_mixin.py:188} INFO - [2024-03-20T14:02:08.959+0000] {dag.py:3047} INFO - Sync 1 DAGs
[2024-03-20T14:02:09.298+0000] {logging_mixin.py:188} INFO - [2024-03-20T14:02:09.288+0000] {dag.py:3834} INFO - Setting next_dagrun for example_task_group to 2024-03-19 00:00:00+00:00, run_after=2024-03-20 00:00:00+00:00
[2024-03-20T14:02:09.498+0000] {processor.py:183} INFO - Processing /home/airflow/.local/lib/python3.8/site-packages/airflow/example_dags/example_task_group.py took 1.184 seconds
