[2024-03-20T14:00:27.784+0000] {processor.py:161} INFO - Started process (PID=95) to work on /home/airflow/.local/lib/python3.8/site-packages/airflow/example_dags/example_params_ui_tutorial.py
[2024-03-20T14:00:27.802+0000] {processor.py:830} INFO - Processing file /home/airflow/.local/lib/python3.8/site-packages/airflow/example_dags/example_params_ui_tutorial.py for tasks to queue
[2024-03-20T14:00:27.816+0000] {logging_mixin.py:188} INFO - [2024-03-20T14:00:27.814+0000] {dagbag.py:540} INFO - Filling up the DagBag from /home/airflow/.local/lib/python3.8/site-packages/airflow/example_dags/example_params_ui_tutorial.py
[2024-03-20T14:00:27.978+0000] {processor.py:840} INFO - DAG(s) 'example_params_ui_tutorial' retrieved from /home/airflow/.local/lib/python3.8/site-packages/airflow/example_dags/example_params_ui_tutorial.py
[2024-03-20T14:00:29.494+0000] {logging_mixin.py:188} INFO - [2024-03-20T14:00:29.493+0000] {dag.py:3047} INFO - Sync 1 DAGs
[2024-03-20T14:00:29.568+0000] {logging_mixin.py:188} INFO - [2024-03-20T14:00:29.568+0000] {dag.py:3834} INFO - Setting next_dagrun for example_params_ui_tutorial to None, run_after=None
[2024-03-20T14:00:29.801+0000] {processor.py:183} INFO - Processing /home/airflow/.local/lib/python3.8/site-packages/airflow/example_dags/example_params_ui_tutorial.py took 2.042 seconds
[2024-03-20T14:01:24.101+0000] {processor.py:161} INFO - Started process (PID=158) to work on /home/airflow/.local/lib/python3.8/site-packages/airflow/example_dags/example_params_ui_tutorial.py
[2024-03-20T14:01:24.105+0000] {processor.py:830} INFO - Processing file /home/airflow/.local/lib/python3.8/site-packages/airflow/example_dags/example_params_ui_tutorial.py for tasks to queue
[2024-03-20T14:01:24.110+0000] {logging_mixin.py:188} INFO - [2024-03-20T14:01:24.109+0000] {dagbag.py:540} INFO - Filling up the DagBag from /home/airflow/.local/lib/python3.8/site-packages/airflow/example_dags/example_params_ui_tutorial.py
[2024-03-20T14:01:24.150+0000] {processor.py:840} INFO - DAG(s) 'example_params_ui_tutorial' retrieved from /home/airflow/.local/lib/python3.8/site-packages/airflow/example_dags/example_params_ui_tutorial.py
[2024-03-20T14:01:24.724+0000] {logging_mixin.py:188} INFO - [2024-03-20T14:01:24.723+0000] {dag.py:3047} INFO - Sync 1 DAGs
[2024-03-20T14:01:24.824+0000] {logging_mixin.py:188} INFO - [2024-03-20T14:01:24.823+0000] {dag.py:3834} INFO - Setting next_dagrun for example_params_ui_tutorial to None, run_after=None
[2024-03-20T14:01:24.989+0000] {processor.py:183} INFO - Processing /home/airflow/.local/lib/python3.8/site-packages/airflow/example_dags/example_params_ui_tutorial.py took 0.894 seconds
[2024-03-20T14:02:09.907+0000] {processor.py:161} INFO - Started process (PID=207) to work on /home/airflow/.local/lib/python3.8/site-packages/airflow/example_dags/example_params_ui_tutorial.py
[2024-03-20T14:02:09.921+0000] {processor.py:830} INFO - Processing file /home/airflow/.local/lib/python3.8/site-packages/airflow/example_dags/example_params_ui_tutorial.py for tasks to queue
[2024-03-20T14:02:09.938+0000] {logging_mixin.py:188} INFO - [2024-03-20T14:02:09.937+0000] {dagbag.py:540} INFO - Filling up the DagBag from /home/airflow/.local/lib/python3.8/site-packages/airflow/example_dags/example_params_ui_tutorial.py
[2024-03-20T14:02:10.174+0000] {processor.py:840} INFO - DAG(s) 'example_params_ui_tutorial' retrieved from /home/airflow/.local/lib/python3.8/site-packages/airflow/example_dags/example_params_ui_tutorial.py
[2024-03-20T14:02:11.153+0000] {logging_mixin.py:188} INFO - [2024-03-20T14:02:11.153+0000] {dag.py:3047} INFO - Sync 1 DAGs
[2024-03-20T14:02:11.295+0000] {logging_mixin.py:188} INFO - [2024-03-20T14:02:11.294+0000] {dag.py:3834} INFO - Setting next_dagrun for example_params_ui_tutorial to None, run_after=None
[2024-03-20T14:02:11.624+0000] {processor.py:183} INFO - Processing /home/airflow/.local/lib/python3.8/site-packages/airflow/example_dags/example_params_ui_tutorial.py took 1.804 seconds
