[2024-03-20T14:01:04.525+0000] {processor.py:161} INFO - Started process (PID=131) to work on /home/airflow/.local/lib/python3.8/site-packages/airflow/example_dags/example_nested_branch_dag.py
[2024-03-20T14:01:04.528+0000] {processor.py:830} INFO - Processing file /home/airflow/.local/lib/python3.8/site-packages/airflow/example_dags/example_nested_branch_dag.py for tasks to queue
[2024-03-20T14:01:04.532+0000] {logging_mixin.py:188} INFO - [2024-03-20T14:01:04.531+0000] {dagbag.py:540} INFO - Filling up the DagBag from /home/airflow/.local/lib/python3.8/site-packages/airflow/example_dags/example_nested_branch_dag.py
[2024-03-20T14:01:04.560+0000] {processor.py:840} INFO - DAG(s) 'example_nested_branch_dag' retrieved from /home/airflow/.local/lib/python3.8/site-packages/airflow/example_dags/example_nested_branch_dag.py
[2024-03-20T14:01:05.120+0000] {logging_mixin.py:188} INFO - [2024-03-20T14:01:05.119+0000] {dag.py:3047} INFO - Sync 1 DAGs
[2024-03-20T14:01:05.209+0000] {logging_mixin.py:188} INFO - [2024-03-20T14:01:05.209+0000] {dag.py:3834} INFO - Setting next_dagrun for example_nested_branch_dag to 2024-03-19 00:00:00+00:00, run_after=2024-03-20 00:00:00+00:00
[2024-03-20T14:01:05.361+0000] {processor.py:183} INFO - Processing /home/airflow/.local/lib/python3.8/site-packages/airflow/example_dags/example_nested_branch_dag.py took 0.842 seconds
[2024-03-20T14:01:42.831+0000] {processor.py:161} INFO - Started process (PID=189) to work on /home/airflow/.local/lib/python3.8/site-packages/airflow/example_dags/example_nested_branch_dag.py
[2024-03-20T14:01:42.835+0000] {processor.py:830} INFO - Processing file /home/airflow/.local/lib/python3.8/site-packages/airflow/example_dags/example_nested_branch_dag.py for tasks to queue
[2024-03-20T14:01:42.849+0000] {logging_mixin.py:188} INFO - [2024-03-20T14:01:42.847+0000] {dagbag.py:540} INFO - Filling up the DagBag from /home/airflow/.local/lib/python3.8/site-packages/airflow/example_dags/example_nested_branch_dag.py
[2024-03-20T14:01:42.890+0000] {processor.py:840} INFO - DAG(s) 'example_nested_branch_dag' retrieved from /home/airflow/.local/lib/python3.8/site-packages/airflow/example_dags/example_nested_branch_dag.py
[2024-03-20T14:01:43.025+0000] {logging_mixin.py:188} INFO - [2024-03-20T14:01:43.024+0000] {dag.py:3047} INFO - Sync 1 DAGs
[2024-03-20T14:01:43.322+0000] {logging_mixin.py:188} INFO - [2024-03-20T14:01:43.300+0000] {dag.py:3834} INFO - Setting next_dagrun for example_nested_branch_dag to 2024-03-19 00:00:00+00:00, run_after=2024-03-20 00:00:00+00:00
[2024-03-20T14:01:43.593+0000] {processor.py:183} INFO - Processing /home/airflow/.local/lib/python3.8/site-packages/airflow/example_dags/example_nested_branch_dag.py took 0.779 seconds
[2024-03-20T14:03:20.012+0000] {processor.py:161} INFO - Started process (PID=254) to work on /home/airflow/.local/lib/python3.8/site-packages/airflow/example_dags/example_nested_branch_dag.py
[2024-03-20T14:03:20.534+0000] {processor.py:830} INFO - Processing file /home/airflow/.local/lib/python3.8/site-packages/airflow/example_dags/example_nested_branch_dag.py for tasks to queue
[2024-03-20T14:03:20.697+0000] {logging_mixin.py:188} INFO - [2024-03-20T14:03:20.696+0000] {dagbag.py:540} INFO - Filling up the DagBag from /home/airflow/.local/lib/python3.8/site-packages/airflow/example_dags/example_nested_branch_dag.py
[2024-03-20T14:03:21.059+0000] {processor.py:840} INFO - DAG(s) 'example_nested_branch_dag' retrieved from /home/airflow/.local/lib/python3.8/site-packages/airflow/example_dags/example_nested_branch_dag.py
[2024-03-20T14:03:21.373+0000] {logging_mixin.py:188} INFO - [2024-03-20T14:03:21.373+0000] {dag.py:3047} INFO - Sync 1 DAGs
[2024-03-20T14:03:21.904+0000] {logging_mixin.py:188} INFO - [2024-03-20T14:03:21.903+0000] {dag.py:3834} INFO - Setting next_dagrun for example_nested_branch_dag to 2024-03-19 00:00:00+00:00, run_after=2024-03-20 00:00:00+00:00
[2024-03-20T14:03:22.767+0000] {processor.py:183} INFO - Processing /home/airflow/.local/lib/python3.8/site-packages/airflow/example_dags/example_nested_branch_dag.py took 3.162 seconds
