[2024-03-20T14:00:46.770+0000] {processor.py:161} INFO - Started process (PID=105) to work on /home/airflow/.local/lib/python3.8/site-packages/airflow/example_dags/example_datasets.py
[2024-03-20T14:00:46.773+0000] {processor.py:830} INFO - Processing file /home/airflow/.local/lib/python3.8/site-packages/airflow/example_dags/example_datasets.py for tasks to queue
[2024-03-20T14:00:46.778+0000] {logging_mixin.py:188} INFO - [2024-03-20T14:00:46.777+0000] {dagbag.py:540} INFO - Filling up the DagBag from /home/airflow/.local/lib/python3.8/site-packages/airflow/example_dags/example_datasets.py
[2024-03-20T14:00:46.808+0000] {processor.py:840} INFO - DAG(s) 'dataset_consumes_unknown_never_scheduled', 'dataset_consumes_1_never_scheduled', 'dataset_consumes_1_and_2', 'dataset_produces_2', 'dataset_produces_1', 'dataset_consumes_1' retrieved from /home/airflow/.local/lib/python3.8/site-packages/airflow/example_dags/example_datasets.py
[2024-03-20T14:00:47.397+0000] {logging_mixin.py:188} INFO - [2024-03-20T14:00:47.396+0000] {dag.py:3047} INFO - Sync 6 DAGs
[2024-03-20T14:00:47.442+0000] {logging_mixin.py:188} INFO - [2024-03-20T14:00:47.442+0000] {dag.py:3834} INFO - Setting next_dagrun for dataset_consumes_1 to None, run_after=None
[2024-03-20T14:00:47.451+0000] {logging_mixin.py:188} INFO - [2024-03-20T14:00:47.451+0000] {dag.py:3834} INFO - Setting next_dagrun for dataset_consumes_1_and_2 to None, run_after=None
[2024-03-20T14:00:47.455+0000] {logging_mixin.py:188} INFO - [2024-03-20T14:00:47.454+0000] {dag.py:3834} INFO - Setting next_dagrun for dataset_consumes_1_never_scheduled to None, run_after=None
[2024-03-20T14:00:47.458+0000] {logging_mixin.py:188} INFO - [2024-03-20T14:00:47.458+0000] {dag.py:3834} INFO - Setting next_dagrun for dataset_consumes_unknown_never_scheduled to None, run_after=None
[2024-03-20T14:00:47.466+0000] {logging_mixin.py:188} INFO - [2024-03-20T14:00:47.465+0000] {dag.py:3834} INFO - Setting next_dagrun for dataset_produces_1 to 2024-03-19 00:00:00+00:00, run_after=2024-03-20 00:00:00+00:00
[2024-03-20T14:00:47.470+0000] {logging_mixin.py:188} INFO - [2024-03-20T14:00:47.469+0000] {dag.py:3834} INFO - Setting next_dagrun for dataset_produces_2 to None, run_after=None
[2024-03-20T14:00:47.559+0000] {processor.py:183} INFO - Processing /home/airflow/.local/lib/python3.8/site-packages/airflow/example_dags/example_datasets.py took 0.801 seconds
[2024-03-20T14:01:33.317+0000] {processor.py:161} INFO - Started process (PID=168) to work on /home/airflow/.local/lib/python3.8/site-packages/airflow/example_dags/example_datasets.py
[2024-03-20T14:01:33.320+0000] {processor.py:830} INFO - Processing file /home/airflow/.local/lib/python3.8/site-packages/airflow/example_dags/example_datasets.py for tasks to queue
[2024-03-20T14:01:33.326+0000] {logging_mixin.py:188} INFO - [2024-03-20T14:01:33.325+0000] {dagbag.py:540} INFO - Filling up the DagBag from /home/airflow/.local/lib/python3.8/site-packages/airflow/example_dags/example_datasets.py
[2024-03-20T14:01:33.364+0000] {processor.py:840} INFO - DAG(s) 'dataset_consumes_1_and_2', 'dataset_consumes_1', 'dataset_produces_1', 'dataset_produces_2', 'dataset_consumes_unknown_never_scheduled', 'dataset_consumes_1_never_scheduled' retrieved from /home/airflow/.local/lib/python3.8/site-packages/airflow/example_dags/example_datasets.py
[2024-03-20T14:01:33.615+0000] {logging_mixin.py:188} INFO - [2024-03-20T14:01:33.615+0000] {dag.py:3047} INFO - Sync 6 DAGs
[2024-03-20T14:01:33.727+0000] {logging_mixin.py:188} INFO - [2024-03-20T14:01:33.724+0000] {dag.py:3834} INFO - Setting next_dagrun for dataset_consumes_1 to None, run_after=None
[2024-03-20T14:01:33.747+0000] {logging_mixin.py:188} INFO - [2024-03-20T14:01:33.747+0000] {dag.py:3834} INFO - Setting next_dagrun for dataset_consumes_1_and_2 to None, run_after=None
[2024-03-20T14:01:33.753+0000] {logging_mixin.py:188} INFO - [2024-03-20T14:01:33.752+0000] {dag.py:3834} INFO - Setting next_dagrun for dataset_consumes_1_never_scheduled to None, run_after=None
[2024-03-20T14:01:33.772+0000] {logging_mixin.py:188} INFO - [2024-03-20T14:01:33.772+0000] {dag.py:3834} INFO - Setting next_dagrun for dataset_consumes_unknown_never_scheduled to None, run_after=None
[2024-03-20T14:01:33.790+0000] {logging_mixin.py:188} INFO - [2024-03-20T14:01:33.789+0000] {dag.py:3834} INFO - Setting next_dagrun for dataset_produces_1 to 2024-03-19 00:00:00+00:00, run_after=2024-03-20 00:00:00+00:00
[2024-03-20T14:01:33.795+0000] {logging_mixin.py:188} INFO - [2024-03-20T14:01:33.794+0000] {dag.py:3834} INFO - Setting next_dagrun for dataset_produces_2 to None, run_after=None
[2024-03-20T14:01:33.993+0000] {processor.py:183} INFO - Processing /home/airflow/.local/lib/python3.8/site-packages/airflow/example_dags/example_datasets.py took 0.685 seconds
[2024-03-20T14:02:41.533+0000] {processor.py:161} INFO - Started process (PID=230) to work on /home/airflow/.local/lib/python3.8/site-packages/airflow/example_dags/example_datasets.py
[2024-03-20T14:02:41.574+0000] {processor.py:830} INFO - Processing file /home/airflow/.local/lib/python3.8/site-packages/airflow/example_dags/example_datasets.py for tasks to queue
[2024-03-20T14:02:41.707+0000] {logging_mixin.py:188} INFO - [2024-03-20T14:02:41.580+0000] {dagbag.py:540} INFO - Filling up the DagBag from /home/airflow/.local/lib/python3.8/site-packages/airflow/example_dags/example_datasets.py
[2024-03-20T14:02:42.136+0000] {processor.py:840} INFO - DAG(s) 'dataset_consumes_1_and_2', 'dataset_consumes_unknown_never_scheduled', 'dataset_produces_2', 'dataset_consumes_1', 'dataset_produces_1', 'dataset_consumes_1_never_scheduled' retrieved from /home/airflow/.local/lib/python3.8/site-packages/airflow/example_dags/example_datasets.py
[2024-03-20T14:02:42.908+0000] {logging_mixin.py:188} INFO - [2024-03-20T14:02:42.908+0000] {dag.py:3047} INFO - Sync 6 DAGs
[2024-03-20T14:02:43.208+0000] {logging_mixin.py:188} INFO - [2024-03-20T14:02:43.208+0000] {dag.py:3834} INFO - Setting next_dagrun for dataset_consumes_1 to None, run_after=None
[2024-03-20T14:02:43.236+0000] {logging_mixin.py:188} INFO - [2024-03-20T14:02:43.235+0000] {dag.py:3834} INFO - Setting next_dagrun for dataset_consumes_1_and_2 to None, run_after=None
[2024-03-20T14:02:43.244+0000] {logging_mixin.py:188} INFO - [2024-03-20T14:02:43.243+0000] {dag.py:3834} INFO - Setting next_dagrun for dataset_consumes_1_never_scheduled to None, run_after=None
[2024-03-20T14:02:43.248+0000] {logging_mixin.py:188} INFO - [2024-03-20T14:02:43.247+0000] {dag.py:3834} INFO - Setting next_dagrun for dataset_consumes_unknown_never_scheduled to None, run_after=None
[2024-03-20T14:02:43.287+0000] {logging_mixin.py:188} INFO - [2024-03-20T14:02:43.286+0000] {dag.py:3834} INFO - Setting next_dagrun for dataset_produces_1 to 2024-03-19 00:00:00+00:00, run_after=2024-03-20 00:00:00+00:00
[2024-03-20T14:02:43.352+0000] {logging_mixin.py:188} INFO - [2024-03-20T14:02:43.352+0000] {dag.py:3834} INFO - Setting next_dagrun for dataset_produces_2 to None, run_after=None
[2024-03-20T14:02:44.182+0000] {processor.py:183} INFO - Processing /home/airflow/.local/lib/python3.8/site-packages/airflow/example_dags/example_datasets.py took 2.715 seconds
