[2024-03-20T14:00:45.606+0000] {processor.py:161} INFO - Started process (PID=104) to work on /home/airflow/.local/lib/python3.8/site-packages/airflow/example_dags/example_branch_operator.py
[2024-03-20T14:00:45.620+0000] {processor.py:830} INFO - Processing file /home/airflow/.local/lib/python3.8/site-packages/airflow/example_dags/example_branch_operator.py for tasks to queue
[2024-03-20T14:00:45.637+0000] {logging_mixin.py:188} INFO - [2024-03-20T14:00:45.629+0000] {dagbag.py:540} INFO - Filling up the DagBag from /home/airflow/.local/lib/python3.8/site-packages/airflow/example_dags/example_branch_operator.py
[2024-03-20T14:00:45.827+0000] {processor.py:840} INFO - DAG(s) 'example_branch_operator' retrieved from /home/airflow/.local/lib/python3.8/site-packages/airflow/example_dags/example_branch_operator.py
[2024-03-20T14:00:46.444+0000] {logging_mixin.py:188} INFO - [2024-03-20T14:00:46.443+0000] {dag.py:3047} INFO - Sync 1 DAGs
[2024-03-20T14:00:46.540+0000] {logging_mixin.py:188} INFO - [2024-03-20T14:00:46.540+0000] {dag.py:3834} INFO - Setting next_dagrun for example_branch_operator to 2024-03-19 00:00:00+00:00, run_after=2024-03-20 00:00:00+00:00
[2024-03-20T14:00:46.664+0000] {processor.py:183} INFO - Processing /home/airflow/.local/lib/python3.8/site-packages/airflow/example_dags/example_branch_operator.py took 1.070 seconds
[2024-03-20T14:01:32.262+0000] {processor.py:161} INFO - Started process (PID=167) to work on /home/airflow/.local/lib/python3.8/site-packages/airflow/example_dags/example_branch_operator.py
[2024-03-20T14:01:32.267+0000] {processor.py:830} INFO - Processing file /home/airflow/.local/lib/python3.8/site-packages/airflow/example_dags/example_branch_operator.py for tasks to queue
[2024-03-20T14:01:32.273+0000] {logging_mixin.py:188} INFO - [2024-03-20T14:01:32.272+0000] {dagbag.py:540} INFO - Filling up the DagBag from /home/airflow/.local/lib/python3.8/site-packages/airflow/example_dags/example_branch_operator.py
[2024-03-20T14:01:32.348+0000] {processor.py:840} INFO - DAG(s) 'example_branch_operator' retrieved from /home/airflow/.local/lib/python3.8/site-packages/airflow/example_dags/example_branch_operator.py
[2024-03-20T14:01:32.669+0000] {logging_mixin.py:188} INFO - [2024-03-20T14:01:32.668+0000] {dag.py:3047} INFO - Sync 1 DAGs
[2024-03-20T14:01:32.835+0000] {logging_mixin.py:188} INFO - [2024-03-20T14:01:32.834+0000] {dag.py:3834} INFO - Setting next_dagrun for example_branch_operator to 2024-03-19 00:00:00+00:00, run_after=2024-03-20 00:00:00+00:00
[2024-03-20T14:01:33.008+0000] {processor.py:183} INFO - Processing /home/airflow/.local/lib/python3.8/site-packages/airflow/example_dags/example_branch_operator.py took 0.755 seconds
[2024-03-20T14:02:31.461+0000] {processor.py:161} INFO - Started process (PID=229) to work on /home/airflow/.local/lib/python3.8/site-packages/airflow/example_dags/example_branch_operator.py
[2024-03-20T14:02:31.859+0000] {processor.py:830} INFO - Processing file /home/airflow/.local/lib/python3.8/site-packages/airflow/example_dags/example_branch_operator.py for tasks to queue
[2024-03-20T14:02:32.028+0000] {logging_mixin.py:188} INFO - [2024-03-20T14:02:32.014+0000] {dagbag.py:540} INFO - Filling up the DagBag from /home/airflow/.local/lib/python3.8/site-packages/airflow/example_dags/example_branch_operator.py
[2024-03-20T14:02:33.137+0000] {processor.py:840} INFO - DAG(s) 'example_branch_operator' retrieved from /home/airflow/.local/lib/python3.8/site-packages/airflow/example_dags/example_branch_operator.py
[2024-03-20T14:02:38.610+0000] {logging_mixin.py:188} INFO - [2024-03-20T14:02:38.210+0000] {dag.py:3047} INFO - Sync 1 DAGs
[2024-03-20T14:02:40.857+0000] {logging_mixin.py:188} INFO - [2024-03-20T14:02:40.823+0000] {dag.py:3834} INFO - Setting next_dagrun for example_branch_operator to 2024-03-19 00:00:00+00:00, run_after=2024-03-20 00:00:00+00:00
[2024-03-20T14:02:41.721+0000] {processor.py:183} INFO - Processing /home/airflow/.local/lib/python3.8/site-packages/airflow/example_dags/example_branch_operator.py took 10.332 seconds
