[2024-03-20T14:00:23.328+0000] {processor.py:161} INFO - Started process (PID=94) to work on /home/airflow/.local/lib/python3.8/site-packages/airflow/example_dags/example_kubernetes_executor.py
[2024-03-20T14:00:23.331+0000] {processor.py:830} INFO - Processing file /home/airflow/.local/lib/python3.8/site-packages/airflow/example_dags/example_kubernetes_executor.py for tasks to queue
[2024-03-20T14:00:23.347+0000] {logging_mixin.py:188} INFO - [2024-03-20T14:00:23.346+0000] {dagbag.py:540} INFO - Filling up the DagBag from /home/airflow/.local/lib/python3.8/site-packages/airflow/example_dags/example_kubernetes_executor.py
[2024-03-20T14:00:24.224+0000] {processor.py:840} INFO - DAG(s) 'example_kubernetes_executor' retrieved from /home/airflow/.local/lib/python3.8/site-packages/airflow/example_dags/example_kubernetes_executor.py
[2024-03-20T14:00:26.481+0000] {logging_mixin.py:188} INFO - [2024-03-20T14:00:26.481+0000] {dag.py:3047} INFO - Sync 1 DAGs
[2024-03-20T14:00:26.548+0000] {logging_mixin.py:188} INFO - [2024-03-20T14:00:26.548+0000] {dag.py:3834} INFO - Setting next_dagrun for example_kubernetes_executor to None, run_after=None
[2024-03-20T14:00:27.560+0000] {processor.py:183} INFO - Processing /home/airflow/.local/lib/python3.8/site-packages/airflow/example_dags/example_kubernetes_executor.py took 4.262 seconds
[2024-03-20T14:01:23.581+0000] {processor.py:161} INFO - Started process (PID=157) to work on /home/airflow/.local/lib/python3.8/site-packages/airflow/example_dags/example_kubernetes_executor.py
[2024-03-20T14:01:23.590+0000] {processor.py:830} INFO - Processing file /home/airflow/.local/lib/python3.8/site-packages/airflow/example_dags/example_kubernetes_executor.py for tasks to queue
[2024-03-20T14:01:23.595+0000] {logging_mixin.py:188} INFO - [2024-03-20T14:01:23.593+0000] {dagbag.py:540} INFO - Filling up the DagBag from /home/airflow/.local/lib/python3.8/site-packages/airflow/example_dags/example_kubernetes_executor.py
[2024-03-20T14:01:23.660+0000] {processor.py:840} INFO - DAG(s) 'example_kubernetes_executor' retrieved from /home/airflow/.local/lib/python3.8/site-packages/airflow/example_dags/example_kubernetes_executor.py
[2024-03-20T14:01:23.895+0000] {logging_mixin.py:188} INFO - [2024-03-20T14:01:23.894+0000] {dag.py:3047} INFO - Sync 1 DAGs
[2024-03-20T14:01:23.937+0000] {logging_mixin.py:188} INFO - [2024-03-20T14:01:23.936+0000] {dag.py:3834} INFO - Setting next_dagrun for example_kubernetes_executor to None, run_after=None
[2024-03-20T14:01:24.007+0000] {processor.py:183} INFO - Processing /home/airflow/.local/lib/python3.8/site-packages/airflow/example_dags/example_kubernetes_executor.py took 0.477 seconds
[2024-03-20T14:02:08.968+0000] {processor.py:161} INFO - Started process (PID=206) to work on /home/airflow/.local/lib/python3.8/site-packages/airflow/example_dags/example_kubernetes_executor.py
[2024-03-20T14:02:08.997+0000] {processor.py:830} INFO - Processing file /home/airflow/.local/lib/python3.8/site-packages/airflow/example_dags/example_kubernetes_executor.py for tasks to queue
[2024-03-20T14:02:09.014+0000] {logging_mixin.py:188} INFO - [2024-03-20T14:02:09.013+0000] {dagbag.py:540} INFO - Filling up the DagBag from /home/airflow/.local/lib/python3.8/site-packages/airflow/example_dags/example_kubernetes_executor.py
[2024-03-20T14:02:09.285+0000] {processor.py:840} INFO - DAG(s) 'example_kubernetes_executor' retrieved from /home/airflow/.local/lib/python3.8/site-packages/airflow/example_dags/example_kubernetes_executor.py
[2024-03-20T14:02:10.294+0000] {logging_mixin.py:188} INFO - [2024-03-20T14:02:10.294+0000] {dag.py:3047} INFO - Sync 1 DAGs
[2024-03-20T14:02:10.510+0000] {logging_mixin.py:188} INFO - [2024-03-20T14:02:10.498+0000] {dag.py:3834} INFO - Setting next_dagrun for example_kubernetes_executor to None, run_after=None
[2024-03-20T14:02:10.787+0000] {processor.py:183} INFO - Processing /home/airflow/.local/lib/python3.8/site-packages/airflow/example_dags/example_kubernetes_executor.py took 1.901 seconds
