[2024-03-20T14:00:51.691+0000] {processor.py:161} INFO - Started process (PID=112) to work on /home/airflow/.local/lib/python3.8/site-packages/airflow/example_dags/example_latest_only.py
[2024-03-20T14:00:51.694+0000] {processor.py:830} INFO - Processing file /home/airflow/.local/lib/python3.8/site-packages/airflow/example_dags/example_latest_only.py for tasks to queue
[2024-03-20T14:00:51.699+0000] {logging_mixin.py:188} INFO - [2024-03-20T14:00:51.698+0000] {dagbag.py:540} INFO - Filling up the DagBag from /home/airflow/.local/lib/python3.8/site-packages/airflow/example_dags/example_latest_only.py
[2024-03-20T14:00:51.737+0000] {processor.py:840} INFO - DAG(s) 'latest_only' retrieved from /home/airflow/.local/lib/python3.8/site-packages/airflow/example_dags/example_latest_only.py
[2024-03-20T14:00:52.716+0000] {logging_mixin.py:188} INFO - [2024-03-20T14:00:52.716+0000] {dag.py:3047} INFO - Sync 1 DAGs
[2024-03-20T14:00:52.823+0000] {logging_mixin.py:188} INFO - [2024-03-20T14:00:52.823+0000] {dag.py:3834} INFO - Setting next_dagrun for latest_only to 2024-03-20 08:00:00+00:00, run_after=2024-03-20 12:00:00+00:00
[2024-03-20T14:00:53.075+0000] {processor.py:183} INFO - Processing /home/airflow/.local/lib/python3.8/site-packages/airflow/example_dags/example_latest_only.py took 1.394 seconds
[2024-03-20T14:01:36.306+0000] {processor.py:161} INFO - Started process (PID=176) to work on /home/airflow/.local/lib/python3.8/site-packages/airflow/example_dags/example_latest_only.py
[2024-03-20T14:01:36.309+0000] {processor.py:830} INFO - Processing file /home/airflow/.local/lib/python3.8/site-packages/airflow/example_dags/example_latest_only.py for tasks to queue
[2024-03-20T14:01:36.313+0000] {logging_mixin.py:188} INFO - [2024-03-20T14:01:36.312+0000] {dagbag.py:540} INFO - Filling up the DagBag from /home/airflow/.local/lib/python3.8/site-packages/airflow/example_dags/example_latest_only.py
[2024-03-20T14:01:36.326+0000] {processor.py:840} INFO - DAG(s) 'latest_only' retrieved from /home/airflow/.local/lib/python3.8/site-packages/airflow/example_dags/example_latest_only.py
[2024-03-20T14:01:36.390+0000] {logging_mixin.py:188} INFO - [2024-03-20T14:01:36.390+0000] {dag.py:3047} INFO - Sync 1 DAGs
[2024-03-20T14:01:36.432+0000] {logging_mixin.py:188} INFO - [2024-03-20T14:01:36.431+0000] {dag.py:3834} INFO - Setting next_dagrun for latest_only to 2024-03-20 08:00:00+00:00, run_after=2024-03-20 12:00:00+00:00
[2024-03-20T14:01:36.485+0000] {processor.py:183} INFO - Processing /home/airflow/.local/lib/python3.8/site-packages/airflow/example_dags/example_latest_only.py took 0.188 seconds
[2024-03-20T14:02:56.261+0000] {processor.py:161} INFO - Started process (PID=237) to work on /home/airflow/.local/lib/python3.8/site-packages/airflow/example_dags/example_latest_only.py
[2024-03-20T14:02:56.294+0000] {processor.py:830} INFO - Processing file /home/airflow/.local/lib/python3.8/site-packages/airflow/example_dags/example_latest_only.py for tasks to queue
[2024-03-20T14:02:56.298+0000] {logging_mixin.py:188} INFO - [2024-03-20T14:02:56.297+0000] {dagbag.py:540} INFO - Filling up the DagBag from /home/airflow/.local/lib/python3.8/site-packages/airflow/example_dags/example_latest_only.py
[2024-03-20T14:02:56.479+0000] {processor.py:840} INFO - DAG(s) 'latest_only' retrieved from /home/airflow/.local/lib/python3.8/site-packages/airflow/example_dags/example_latest_only.py
[2024-03-20T14:02:57.289+0000] {logging_mixin.py:188} INFO - [2024-03-20T14:02:57.288+0000] {dag.py:3047} INFO - Sync 1 DAGs
[2024-03-20T14:02:57.699+0000] {logging_mixin.py:188} INFO - [2024-03-20T14:02:57.698+0000] {dag.py:3834} INFO - Setting next_dagrun for latest_only to 2024-03-20 08:00:00+00:00, run_after=2024-03-20 12:00:00+00:00
[2024-03-20T14:02:57.996+0000] {processor.py:183} INFO - Processing /home/airflow/.local/lib/python3.8/site-packages/airflow/example_dags/example_latest_only.py took 1.780 seconds
