[2024-03-20T14:00:17.938+0000] {processor.py:161} INFO - Started process (PID=86) to work on /home/airflow/.local/lib/python3.8/site-packages/airflow/example_dags/example_xcom.py
[2024-03-20T14:00:17.954+0000] {processor.py:830} INFO - Processing file /home/airflow/.local/lib/python3.8/site-packages/airflow/example_dags/example_xcom.py for tasks to queue
[2024-03-20T14:00:17.970+0000] {logging_mixin.py:188} INFO - [2024-03-20T14:00:17.969+0000] {dagbag.py:540} INFO - Filling up the DagBag from /home/airflow/.local/lib/python3.8/site-packages/airflow/example_dags/example_xcom.py
[2024-03-20T14:00:18.055+0000] {processor.py:840} INFO - DAG(s) 'example_xcom' retrieved from /home/airflow/.local/lib/python3.8/site-packages/airflow/example_dags/example_xcom.py
[2024-03-20T14:00:20.107+0000] {logging_mixin.py:188} INFO - [2024-03-20T14:00:20.066+0000] {dag.py:3047} INFO - Sync 1 DAGs
[2024-03-20T14:00:20.340+0000] {logging_mixin.py:188} INFO - [2024-03-20T14:00:20.338+0000] {dag.py:3834} INFO - Setting next_dagrun for example_xcom to 2021-01-01 00:00:00+00:00, run_after=2021-01-01 00:00:00+00:00
[2024-03-20T14:00:20.441+0000] {processor.py:183} INFO - Processing /home/airflow/.local/lib/python3.8/site-packages/airflow/example_dags/example_xcom.py took 2.530 seconds
[2024-03-20T14:01:20.867+0000] {processor.py:161} INFO - Started process (PID=148) to work on /home/airflow/.local/lib/python3.8/site-packages/airflow/example_dags/example_xcom.py
[2024-03-20T14:01:20.881+0000] {processor.py:830} INFO - Processing file /home/airflow/.local/lib/python3.8/site-packages/airflow/example_dags/example_xcom.py for tasks to queue
[2024-03-20T14:01:20.897+0000] {logging_mixin.py:188} INFO - [2024-03-20T14:01:20.890+0000] {dagbag.py:540} INFO - Filling up the DagBag from /home/airflow/.local/lib/python3.8/site-packages/airflow/example_dags/example_xcom.py
[2024-03-20T14:01:20.982+0000] {processor.py:840} INFO - DAG(s) 'example_xcom' retrieved from /home/airflow/.local/lib/python3.8/site-packages/airflow/example_dags/example_xcom.py
[2024-03-20T14:01:21.134+0000] {logging_mixin.py:188} INFO - [2024-03-20T14:01:21.133+0000] {dag.py:3047} INFO - Sync 1 DAGs
[2024-03-20T14:01:21.367+0000] {logging_mixin.py:188} INFO - [2024-03-20T14:01:21.366+0000] {dag.py:3834} INFO - Setting next_dagrun for example_xcom to 2021-01-01 00:00:00+00:00, run_after=2021-01-01 00:00:00+00:00
[2024-03-20T14:01:21.625+0000] {processor.py:183} INFO - Processing /home/airflow/.local/lib/python3.8/site-packages/airflow/example_dags/example_xcom.py took 0.785 seconds
[2024-03-20T14:02:07.078+0000] {processor.py:161} INFO - Started process (PID=204) to work on /home/airflow/.local/lib/python3.8/site-packages/airflow/example_dags/example_xcom.py
[2024-03-20T14:02:07.106+0000] {processor.py:830} INFO - Processing file /home/airflow/.local/lib/python3.8/site-packages/airflow/example_dags/example_xcom.py for tasks to queue
[2024-03-20T14:02:07.140+0000] {logging_mixin.py:188} INFO - [2024-03-20T14:02:07.139+0000] {dagbag.py:540} INFO - Filling up the DagBag from /home/airflow/.local/lib/python3.8/site-packages/airflow/example_dags/example_xcom.py
[2024-03-20T14:02:07.341+0000] {processor.py:840} INFO - DAG(s) 'example_xcom' retrieved from /home/airflow/.local/lib/python3.8/site-packages/airflow/example_dags/example_xcom.py
[2024-03-20T14:02:07.913+0000] {logging_mixin.py:188} INFO - [2024-03-20T14:02:07.911+0000] {dag.py:3047} INFO - Sync 1 DAGs
[2024-03-20T14:02:08.072+0000] {logging_mixin.py:188} INFO - [2024-03-20T14:02:08.071+0000] {dag.py:3834} INFO - Setting next_dagrun for example_xcom to 2021-01-01 00:00:00+00:00, run_after=2021-01-01 00:00:00+00:00
[2024-03-20T14:02:08.365+0000] {processor.py:183} INFO - Processing /home/airflow/.local/lib/python3.8/site-packages/airflow/example_dags/example_xcom.py took 1.322 seconds
