[2024-03-20T14:00:57.197+0000] {processor.py:161} INFO - Started process (PID=125) to work on /home/airflow/.local/lib/python3.8/site-packages/airflow/example_dags/example_branch_python_dop_operator_3.py
[2024-03-20T14:00:57.199+0000] {processor.py:830} INFO - Processing file /home/airflow/.local/lib/python3.8/site-packages/airflow/example_dags/example_branch_python_dop_operator_3.py for tasks to queue
[2024-03-20T14:00:57.203+0000] {logging_mixin.py:188} INFO - [2024-03-20T14:00:57.202+0000] {dagbag.py:540} INFO - Filling up the DagBag from /home/airflow/.local/lib/python3.8/site-packages/airflow/example_dags/example_branch_python_dop_operator_3.py
[2024-03-20T14:00:57.245+0000] {processor.py:840} INFO - DAG(s) 'example_branch_dop_operator_v3' retrieved from /home/airflow/.local/lib/python3.8/site-packages/airflow/example_dags/example_branch_python_dop_operator_3.py
[2024-03-20T14:00:57.912+0000] {logging_mixin.py:188} INFO - [2024-03-20T14:00:57.911+0000] {dag.py:3047} INFO - Sync 1 DAGs
[2024-03-20T14:00:58.062+0000] {logging_mixin.py:188} INFO - [2024-03-20T14:00:58.061+0000] {dag.py:3834} INFO - Setting next_dagrun for example_branch_dop_operator_v3 to 2024-03-20 13:59:00+00:00, run_after=2024-03-20 14:00:00+00:00
[2024-03-20T14:00:58.365+0000] {processor.py:183} INFO - Processing /home/airflow/.local/lib/python3.8/site-packages/airflow/example_dags/example_branch_python_dop_operator_3.py took 1.192 seconds
[2024-03-20T14:01:39.267+0000] {processor.py:161} INFO - Started process (PID=181) to work on /home/airflow/.local/lib/python3.8/site-packages/airflow/example_dags/example_branch_python_dop_operator_3.py
[2024-03-20T14:01:39.282+0000] {processor.py:830} INFO - Processing file /home/airflow/.local/lib/python3.8/site-packages/airflow/example_dags/example_branch_python_dop_operator_3.py for tasks to queue
[2024-03-20T14:01:39.292+0000] {logging_mixin.py:188} INFO - [2024-03-20T14:01:39.292+0000] {dagbag.py:540} INFO - Filling up the DagBag from /home/airflow/.local/lib/python3.8/site-packages/airflow/example_dags/example_branch_python_dop_operator_3.py
[2024-03-20T14:01:39.379+0000] {processor.py:840} INFO - DAG(s) 'example_branch_dop_operator_v3' retrieved from /home/airflow/.local/lib/python3.8/site-packages/airflow/example_dags/example_branch_python_dop_operator_3.py
[2024-03-20T14:01:39.444+0000] {logging_mixin.py:188} INFO - [2024-03-20T14:01:39.444+0000] {dag.py:3047} INFO - Sync 1 DAGs
[2024-03-20T14:01:39.512+0000] {logging_mixin.py:188} INFO - [2024-03-20T14:01:39.511+0000] {dag.py:3834} INFO - Setting next_dagrun for example_branch_dop_operator_v3 to 2024-03-20 14:00:00+00:00, run_after=2024-03-20 14:01:00+00:00
[2024-03-20T14:01:39.567+0000] {processor.py:183} INFO - Processing /home/airflow/.local/lib/python3.8/site-packages/airflow/example_dags/example_branch_python_dop_operator_3.py took 0.325 seconds
[2024-03-20T14:03:06.714+0000] {processor.py:161} INFO - Started process (PID=248) to work on /home/airflow/.local/lib/python3.8/site-packages/airflow/example_dags/example_branch_python_dop_operator_3.py
[2024-03-20T14:03:06.777+0000] {processor.py:830} INFO - Processing file /home/airflow/.local/lib/python3.8/site-packages/airflow/example_dags/example_branch_python_dop_operator_3.py for tasks to queue
[2024-03-20T14:03:06.816+0000] {logging_mixin.py:188} INFO - [2024-03-20T14:03:06.815+0000] {dagbag.py:540} INFO - Filling up the DagBag from /home/airflow/.local/lib/python3.8/site-packages/airflow/example_dags/example_branch_python_dop_operator_3.py
[2024-03-20T14:03:08.653+0000] {processor.py:840} INFO - DAG(s) 'example_branch_dop_operator_v3' retrieved from /home/airflow/.local/lib/python3.8/site-packages/airflow/example_dags/example_branch_python_dop_operator_3.py
[2024-03-20T14:03:10.843+0000] {logging_mixin.py:188} INFO - [2024-03-20T14:03:10.843+0000] {dag.py:3047} INFO - Sync 1 DAGs
[2024-03-20T14:03:12.517+0000] {logging_mixin.py:188} INFO - [2024-03-20T14:03:12.516+0000] {dag.py:3834} INFO - Setting next_dagrun for example_branch_dop_operator_v3 to 2024-03-20 14:02:00+00:00, run_after=2024-03-20 14:03:00+00:00
[2024-03-20T14:03:13.054+0000] {processor.py:183} INFO - Processing /home/airflow/.local/lib/python3.8/site-packages/airflow/example_dags/example_branch_python_dop_operator_3.py took 6.564 seconds
