[2024-03-20T14:00:53.262+0000] {processor.py:161} INFO - Started process (PID=119) to work on /home/airflow/.local/lib/python3.8/site-packages/airflow/example_dags/tutorial_taskflow_api.py
[2024-03-20T14:00:53.265+0000] {processor.py:830} INFO - Processing file /home/airflow/.local/lib/python3.8/site-packages/airflow/example_dags/tutorial_taskflow_api.py for tasks to queue
[2024-03-20T14:00:53.275+0000] {logging_mixin.py:188} INFO - [2024-03-20T14:00:53.272+0000] {dagbag.py:540} INFO - Filling up the DagBag from /home/airflow/.local/lib/python3.8/site-packages/airflow/example_dags/tutorial_taskflow_api.py
[2024-03-20T14:00:53.303+0000] {processor.py:840} INFO - DAG(s) 'tutorial_taskflow_api' retrieved from /home/airflow/.local/lib/python3.8/site-packages/airflow/example_dags/tutorial_taskflow_api.py
[2024-03-20T14:00:53.789+0000] {logging_mixin.py:188} INFO - [2024-03-20T14:00:53.789+0000] {dag.py:3047} INFO - Sync 1 DAGs
[2024-03-20T14:00:53.845+0000] {logging_mixin.py:188} INFO - [2024-03-20T14:00:53.844+0000] {dag.py:3834} INFO - Setting next_dagrun for tutorial_taskflow_api to None, run_after=None
[2024-03-20T14:00:53.964+0000] {processor.py:183} INFO - Processing /home/airflow/.local/lib/python3.8/site-packages/airflow/example_dags/tutorial_taskflow_api.py took 0.724 seconds
[2024-03-20T14:01:36.573+0000] {processor.py:161} INFO - Started process (PID=177) to work on /home/airflow/.local/lib/python3.8/site-packages/airflow/example_dags/tutorial_taskflow_api.py
[2024-03-20T14:01:36.579+0000] {processor.py:830} INFO - Processing file /home/airflow/.local/lib/python3.8/site-packages/airflow/example_dags/tutorial_taskflow_api.py for tasks to queue
[2024-03-20T14:01:36.585+0000] {logging_mixin.py:188} INFO - [2024-03-20T14:01:36.585+0000] {dagbag.py:540} INFO - Filling up the DagBag from /home/airflow/.local/lib/python3.8/site-packages/airflow/example_dags/tutorial_taskflow_api.py
[2024-03-20T14:01:36.607+0000] {processor.py:840} INFO - DAG(s) 'tutorial_taskflow_api' retrieved from /home/airflow/.local/lib/python3.8/site-packages/airflow/example_dags/tutorial_taskflow_api.py
[2024-03-20T14:01:36.724+0000] {logging_mixin.py:188} INFO - [2024-03-20T14:01:36.723+0000] {dag.py:3047} INFO - Sync 1 DAGs
[2024-03-20T14:01:36.761+0000] {logging_mixin.py:188} INFO - [2024-03-20T14:01:36.760+0000] {dag.py:3834} INFO - Setting next_dagrun for tutorial_taskflow_api to None, run_after=None
[2024-03-20T14:01:36.816+0000] {processor.py:183} INFO - Processing /home/airflow/.local/lib/python3.8/site-packages/airflow/example_dags/tutorial_taskflow_api.py took 0.251 seconds
[2024-03-20T14:02:57.821+0000] {processor.py:161} INFO - Started process (PID=238) to work on /home/airflow/.local/lib/python3.8/site-packages/airflow/example_dags/tutorial_taskflow_api.py
[2024-03-20T14:02:57.876+0000] {processor.py:830} INFO - Processing file /home/airflow/.local/lib/python3.8/site-packages/airflow/example_dags/tutorial_taskflow_api.py for tasks to queue
[2024-03-20T14:02:57.911+0000] {logging_mixin.py:188} INFO - [2024-03-20T14:02:57.910+0000] {dagbag.py:540} INFO - Filling up the DagBag from /home/airflow/.local/lib/python3.8/site-packages/airflow/example_dags/tutorial_taskflow_api.py
[2024-03-20T14:02:58.391+0000] {processor.py:840} INFO - DAG(s) 'tutorial_taskflow_api' retrieved from /home/airflow/.local/lib/python3.8/site-packages/airflow/example_dags/tutorial_taskflow_api.py
[2024-03-20T14:02:59.619+0000] {logging_mixin.py:188} INFO - [2024-03-20T14:02:59.618+0000] {dag.py:3047} INFO - Sync 1 DAGs
[2024-03-20T14:02:59.996+0000] {logging_mixin.py:188} INFO - [2024-03-20T14:02:59.978+0000] {dag.py:3834} INFO - Setting next_dagrun for tutorial_taskflow_api to None, run_after=None
[2024-03-20T14:03:00.779+0000] {processor.py:183} INFO - Processing /home/airflow/.local/lib/python3.8/site-packages/airflow/example_dags/tutorial_taskflow_api.py took 3.012 seconds
