[2024-03-20T14:00:58.671+0000] {processor.py:161} INFO - Started process (PID=126) to work on /home/airflow/.local/lib/python3.8/site-packages/airflow/example_dags/tutorial.py
[2024-03-20T14:00:58.681+0000] {processor.py:830} INFO - Processing file /home/airflow/.local/lib/python3.8/site-packages/airflow/example_dags/tutorial.py for tasks to queue
[2024-03-20T14:00:58.709+0000] {logging_mixin.py:188} INFO - [2024-03-20T14:00:58.707+0000] {dagbag.py:540} INFO - Filling up the DagBag from /home/airflow/.local/lib/python3.8/site-packages/airflow/example_dags/tutorial.py
[2024-03-20T14:00:58.765+0000] {processor.py:840} INFO - DAG(s) 'tutorial' retrieved from /home/airflow/.local/lib/python3.8/site-packages/airflow/example_dags/tutorial.py
[2024-03-20T14:00:59.646+0000] {logging_mixin.py:188} INFO - [2024-03-20T14:00:59.644+0000] {dag.py:3047} INFO - Sync 1 DAGs
[2024-03-20T14:00:59.757+0000] {logging_mixin.py:188} INFO - [2024-03-20T14:00:59.756+0000] {dag.py:3834} INFO - Setting next_dagrun for tutorial to 2024-03-19 00:00:00+00:00, run_after=2024-03-20 00:00:00+00:00
[2024-03-20T14:00:59.926+0000] {processor.py:183} INFO - Processing /home/airflow/.local/lib/python3.8/site-packages/airflow/example_dags/tutorial.py took 1.276 seconds
[2024-03-20T14:01:39.769+0000] {processor.py:161} INFO - Started process (PID=183) to work on /home/airflow/.local/lib/python3.8/site-packages/airflow/example_dags/tutorial.py
[2024-03-20T14:01:39.775+0000] {processor.py:830} INFO - Processing file /home/airflow/.local/lib/python3.8/site-packages/airflow/example_dags/tutorial.py for tasks to queue
[2024-03-20T14:01:39.790+0000] {logging_mixin.py:188} INFO - [2024-03-20T14:01:39.785+0000] {dagbag.py:540} INFO - Filling up the DagBag from /home/airflow/.local/lib/python3.8/site-packages/airflow/example_dags/tutorial.py
[2024-03-20T14:01:39.855+0000] {processor.py:840} INFO - DAG(s) 'tutorial' retrieved from /home/airflow/.local/lib/python3.8/site-packages/airflow/example_dags/tutorial.py
[2024-03-20T14:01:39.998+0000] {logging_mixin.py:188} INFO - [2024-03-20T14:01:39.997+0000] {dag.py:3047} INFO - Sync 1 DAGs
[2024-03-20T14:01:40.237+0000] {logging_mixin.py:188} INFO - [2024-03-20T14:01:40.236+0000] {dag.py:3834} INFO - Setting next_dagrun for tutorial to 2024-03-19 00:00:00+00:00, run_after=2024-03-20 00:00:00+00:00
[2024-03-20T14:01:40.329+0000] {processor.py:183} INFO - Processing /home/airflow/.local/lib/python3.8/site-packages/airflow/example_dags/tutorial.py took 0.582 seconds
[2024-03-20T14:03:12.627+0000] {processor.py:161} INFO - Started process (PID=249) to work on /home/airflow/.local/lib/python3.8/site-packages/airflow/example_dags/tutorial.py
[2024-03-20T14:03:12.701+0000] {processor.py:830} INFO - Processing file /home/airflow/.local/lib/python3.8/site-packages/airflow/example_dags/tutorial.py for tasks to queue
[2024-03-20T14:03:12.830+0000] {logging_mixin.py:188} INFO - [2024-03-20T14:03:12.829+0000] {dagbag.py:540} INFO - Filling up the DagBag from /home/airflow/.local/lib/python3.8/site-packages/airflow/example_dags/tutorial.py
[2024-03-20T14:03:13.120+0000] {processor.py:840} INFO - DAG(s) 'tutorial' retrieved from /home/airflow/.local/lib/python3.8/site-packages/airflow/example_dags/tutorial.py
[2024-03-20T14:03:13.451+0000] {logging_mixin.py:188} INFO - [2024-03-20T14:03:13.450+0000] {dag.py:3047} INFO - Sync 1 DAGs
[2024-03-20T14:03:13.726+0000] {logging_mixin.py:188} INFO - [2024-03-20T14:03:13.725+0000] {dag.py:3834} INFO - Setting next_dagrun for tutorial to 2024-03-19 00:00:00+00:00, run_after=2024-03-20 00:00:00+00:00
[2024-03-20T14:03:14.141+0000] {processor.py:183} INFO - Processing /home/airflow/.local/lib/python3.8/site-packages/airflow/example_dags/tutorial.py took 1.724 seconds
