[2024-03-20T14:00:31.215+0000] {processor.py:161} INFO - Started process (PID=96) to work on /home/airflow/.local/lib/python3.8/site-packages/airflow/example_dags/tutorial_objectstorage.py
[2024-03-20T14:00:31.228+0000] {processor.py:830} INFO - Processing file /home/airflow/.local/lib/python3.8/site-packages/airflow/example_dags/tutorial_objectstorage.py for tasks to queue
[2024-03-20T14:00:31.259+0000] {logging_mixin.py:188} INFO - [2024-03-20T14:00:31.255+0000] {dagbag.py:540} INFO - Filling up the DagBag from /home/airflow/.local/lib/python3.8/site-packages/airflow/example_dags/tutorial_objectstorage.py
[2024-03-20T14:00:31.683+0000] {processor.py:840} INFO - DAG(s) 'tutorial_objectstorage' retrieved from /home/airflow/.local/lib/python3.8/site-packages/airflow/example_dags/tutorial_objectstorage.py
[2024-03-20T14:00:33.196+0000] {logging_mixin.py:188} INFO - [2024-03-20T14:00:33.194+0000] {dag.py:3047} INFO - Sync 1 DAGs
[2024-03-20T14:00:33.253+0000] {logging_mixin.py:188} INFO - [2024-03-20T14:00:33.252+0000] {dag.py:3834} INFO - Setting next_dagrun for tutorial_objectstorage to None, run_after=None
[2024-03-20T14:00:33.446+0000] {processor.py:183} INFO - Processing /home/airflow/.local/lib/python3.8/site-packages/airflow/example_dags/tutorial_objectstorage.py took 2.251 seconds
[2024-03-20T14:01:25.146+0000] {processor.py:161} INFO - Started process (PID=159) to work on /home/airflow/.local/lib/python3.8/site-packages/airflow/example_dags/tutorial_objectstorage.py
[2024-03-20T14:01:25.153+0000] {processor.py:830} INFO - Processing file /home/airflow/.local/lib/python3.8/site-packages/airflow/example_dags/tutorial_objectstorage.py for tasks to queue
[2024-03-20T14:01:25.173+0000] {logging_mixin.py:188} INFO - [2024-03-20T14:01:25.172+0000] {dagbag.py:540} INFO - Filling up the DagBag from /home/airflow/.local/lib/python3.8/site-packages/airflow/example_dags/tutorial_objectstorage.py
[2024-03-20T14:01:25.211+0000] {processor.py:840} INFO - DAG(s) 'tutorial_objectstorage' retrieved from /home/airflow/.local/lib/python3.8/site-packages/airflow/example_dags/tutorial_objectstorage.py
[2024-03-20T14:01:25.483+0000] {logging_mixin.py:188} INFO - [2024-03-20T14:01:25.482+0000] {dag.py:3047} INFO - Sync 1 DAGs
[2024-03-20T14:01:25.809+0000] {logging_mixin.py:188} INFO - [2024-03-20T14:01:25.808+0000] {dag.py:3834} INFO - Setting next_dagrun for tutorial_objectstorage to None, run_after=None
[2024-03-20T14:01:26.123+0000] {processor.py:183} INFO - Processing /home/airflow/.local/lib/python3.8/site-packages/airflow/example_dags/tutorial_objectstorage.py took 1.006 seconds
[2024-03-20T14:02:11.256+0000] {processor.py:161} INFO - Started process (PID=208) to work on /home/airflow/.local/lib/python3.8/site-packages/airflow/example_dags/tutorial_objectstorage.py
[2024-03-20T14:02:11.274+0000] {processor.py:830} INFO - Processing file /home/airflow/.local/lib/python3.8/site-packages/airflow/example_dags/tutorial_objectstorage.py for tasks to queue
[2024-03-20T14:02:11.323+0000] {logging_mixin.py:188} INFO - [2024-03-20T14:02:11.322+0000] {dagbag.py:540} INFO - Filling up the DagBag from /home/airflow/.local/lib/python3.8/site-packages/airflow/example_dags/tutorial_objectstorage.py
[2024-03-20T14:02:11.373+0000] {processor.py:840} INFO - DAG(s) 'tutorial_objectstorage' retrieved from /home/airflow/.local/lib/python3.8/site-packages/airflow/example_dags/tutorial_objectstorage.py
[2024-03-20T14:02:11.759+0000] {logging_mixin.py:188} INFO - [2024-03-20T14:02:11.758+0000] {dag.py:3047} INFO - Sync 1 DAGs
[2024-03-20T14:02:11.882+0000] {logging_mixin.py:188} INFO - [2024-03-20T14:02:11.882+0000] {dag.py:3834} INFO - Setting next_dagrun for tutorial_objectstorage to None, run_after=None
[2024-03-20T14:02:12.215+0000] {processor.py:183} INFO - Processing /home/airflow/.local/lib/python3.8/site-packages/airflow/example_dags/tutorial_objectstorage.py took 0.977 seconds
